2014-07-13 16:48:40 Error: [MissingControllerException] Controller class PersonnelsController could not be found.
Exception Attributes: array (
  'class' => 'PersonnelsController',
  'plugin' => NULL,
)
Request URL: /sites/car-wash/personnels
Stack Trace:
#0 /var/www/sites/car-wash/app/webroot/index.php(108): Dispatcher->dispatch(Object(CakeRequest), Object(CakeResponse))
#1 {main}
2014-07-13 17:01:33 Error: [MissingControllerException] Controller class ServicesController could not be found.
Exception Attributes: array (
  'class' => 'ServicesController',
  'plugin' => NULL,
)
Request URL: /sites/car-wash/services
Stack Trace:
#0 /var/www/sites/car-wash/app/webroot/index.php(108): Dispatcher->dispatch(Object(CakeRequest), Object(CakeResponse))
#1 {main}
2014-07-13 17:02:01 Error: [MissingControllerException] Controller class InformationsController could not be found.
Exception Attributes: array (
  'class' => 'InformationsController',
  'plugin' => NULL,
)
Request URL: /sites/car-wash/informations
Stack Trace:
#0 /var/www/sites/car-wash/app/webroot/index.php(108): Dispatcher->dispatch(Object(CakeRequest), Object(CakeResponse))
#1 {main}
2014-07-13 17:39:29 Error: [MissingControllerException] Controller class CssController could not be found.
Exception Attributes: array (
  'class' => 'CssController',
  'plugin' => NULL,
)
Request URL: /sites/car-wash/css/frontoffice.css
Stack Trace:
#0 /var/www/sites/car-wash/app/webroot/index.php(108): Dispatcher->dispatch(Object(CakeRequest), Object(CakeResponse))
#1 {main}
2014-07-13 17:39:29 Error: [MissingControllerException] Controller class ImgController could not be found.
Exception Attributes: array (
  'class' => 'ImgController',
  'plugin' => NULL,
)
Request URL: /sites/car-wash/img/garage-pohu-accueil.png
Stack Trace:
#0 /var/www/sites/car-wash/app/webroot/index.php(108): Dispatcher->dispatch(Object(CakeRequest), Object(CakeResponse))
#1 {main}
2014-07-13 17:39:29 Error: [MissingControllerException] Controller class CssController could not be found.
Exception Attributes: array (
  'class' => 'CssController',
  'plugin' => NULL,
)
Request URL: /sites/car-wash/css/frontoffice.css
Stack Trace:
#0 /var/www/sites/car-wash/app/webroot/index.php(108): Dispatcher->dispatch(Object(CakeRequest), Object(CakeResponse))
#1 {main}
2014-07-13 17:39:29 Error: [MissingControllerException] Controller class ImgController could not be found.
Exception Attributes: array (
  'class' => 'ImgController',
  'plugin' => NULL,
)
Request URL: /sites/car-wash/img/garage-pohu-accueil.png
Stack Trace:
#0 /var/www/sites/car-wash/app/webroot/index.php(108): Dispatcher->dispatch(Object(CakeRequest), Object(CakeResponse))
#1 {main}
2014-07-13 18:03:56 Error: [MissingControllerException] Controller class PersonnelsController could not be found.
Exception Attributes: array (
  'class' => 'PersonnelsController',
  'plugin' => NULL,
)
Request URL: /sites/car-wash/personnels
Stack Trace:
#0 /var/www/sites/car-wash/app/webroot/index.php(108): Dispatcher->dispatch(Object(CakeRequest), Object(CakeResponse))
#1 {main}
2014-07-13 18:03:57 Error: [MissingControllerException] Controller class PersonnelsController could not be found.
Exception Attributes: array (
  'class' => 'PersonnelsController',
  'plugin' => NULL,
)
Request URL: /sites/car-wash/personnels
Stack Trace:
#0 /var/www/sites/car-wash/app/webroot/index.php(108): Dispatcher->dispatch(Object(CakeRequest), Object(CakeResponse))
#1 {main}
2014-07-13 18:37:03 Error: [MissingControllerException] Controller class VehiculesController could not be found.
Exception Attributes: array (
  'class' => 'VehiculesController',
  'plugin' => NULL,
)
Request URL: /sites/car-wash/vehicules/index/occasion
Stack Trace:
#0 /var/www/sites/car-wash/app/webroot/index.php(108): Dispatcher->dispatch(Object(CakeRequest), Object(CakeResponse))
#1 {main}
2014-07-13 18:37:03 Error: [MissingControllerException] Controller class VehiculesController could not be found.
Exception Attributes: array (
  'class' => 'VehiculesController',
  'plugin' => NULL,
)
Request URL: /sites/car-wash/vehicules/index/occasion
Stack Trace:
#0 /var/www/sites/car-wash/app/webroot/index.php(108): Dispatcher->dispatch(Object(CakeRequest), Object(CakeResponse))
#1 {main}
2014-07-14 18:06:37 Error: [MissingControllerException] Controller class PersonnelsController could not be found.
Exception Attributes: array (
  'class' => 'PersonnelsController',
  'plugin' => NULL,
)
Request URL: /sites/car-wash/personnels
Stack Trace:
#0 /var/www/sites/car-wash/app/webroot/index.php(108): Dispatcher->dispatch(Object(CakeRequest), Object(CakeResponse))
#1 {main}
2014-07-14 18:06:41 Error: [MissingControllerException] Controller class PersonnelsController could not be found.
Exception Attributes: array (
  'class' => 'PersonnelsController',
  'plugin' => NULL,
)
Request URL: /sites/car-wash/personnels
Stack Trace:
#0 /var/www/sites/car-wash/app/webroot/index.php(108): Dispatcher->dispatch(Object(CakeRequest), Object(CakeResponse))
#1 {main}
2014-07-14 18:09:58 Error: [MissingControllerException] Controller class PersonnelsController could not be found.
Exception Attributes: array (
  'class' => 'PersonnelsController',
  'plugin' => NULL,
)
Request URL: /sites/car-wash/personnels
Stack Trace:
#0 /var/www/sites/car-wash/app/webroot/index.php(108): Dispatcher->dispatch(Object(CakeRequest), Object(CakeResponse))
#1 {main}
2014-07-14 18:10:02 Error: [MissingViewException] View file "/var/www/sites/car-wash/app/View/Pages/installations.ctp" is missing.
Exception Attributes: array (
  'file' => '/var/www/sites/car-wash/app/View/Pages/installations.ctp',
)
Request URL: /sites/car-wash/pages/installations
Stack Trace:
#0 /var/www/sites/car-wash/lib/Cake/View/View.php(463): View->_getViewFileName('installations')
#1 /var/www/sites/car-wash/lib/Cake/Controller/Controller.php(954): View->render('installations', NULL)
#2 /var/www/sites/car-wash/app/Controller/PagesController.php(76): Controller->render('installations')
#3 [internal function]: PagesController->display('installations')
#4 /var/www/sites/car-wash/lib/Cake/Controller/Controller.php(490): ReflectionMethod->invokeArgs(Object(PagesController), Array)
#5 /var/www/sites/car-wash/lib/Cake/Routing/Dispatcher.php(185): Controller->invokeAction(Object(CakeRequest))
#6 /var/www/sites/car-wash/lib/Cake/Routing/Dispatcher.php(160): Dispatcher->_invoke(Object(PagesController), Object(CakeRequest), Object(CakeResponse))
#7 /var/www/sites/car-wash/app/webroot/index.php(108): Dispatcher->dispatch(Object(CakeRequest), Object(CakeResponse))
#8 {main}
2014-07-14 18:10:05 Error: [MissingViewException] View file "/var/www/sites/car-wash/app/View/Pages/interieur.ctp" is missing.
Exception Attributes: array (
  'file' => '/var/www/sites/car-wash/app/View/Pages/interieur.ctp',
)
Request URL: /sites/car-wash/pages/interieur
Stack Trace:
#0 /var/www/sites/car-wash/lib/Cake/View/View.php(463): View->_getViewFileName('interieur')
#1 /var/www/sites/car-wash/lib/Cake/Controller/Controller.php(954): View->render('interieur', NULL)
#2 /var/www/sites/car-wash/app/Controller/PagesController.php(76): Controller->render('interieur')
#3 [internal function]: PagesController->display('interieur')
#4 /var/www/sites/car-wash/lib/Cake/Controller/Controller.php(490): ReflectionMethod->invokeArgs(Object(PagesController), Array)
#5 /var/www/sites/car-wash/lib/Cake/Routing/Dispatcher.php(185): Controller->invokeAction(Object(CakeRequest))
#6 /var/www/sites/car-wash/lib/Cake/Routing/Dispatcher.php(160): Dispatcher->_invoke(Object(PagesController), Object(CakeRequest), Object(CakeResponse))
#7 /var/www/sites/car-wash/app/webroot/index.php(108): Dispatcher->dispatch(Object(CakeRequest), Object(CakeResponse))
#8 {main}
2014-07-14 18:24:36 Error: [MissingViewException] View file "/var/www/sites/car-wash/app/View/Pages/installations.ctp" is missing.
Exception Attributes: array (
  'file' => '/var/www/sites/car-wash/app/View/Pages/installations.ctp',
)
Request URL: /sites/car-wash/pages/installations
Stack Trace:
#0 /var/www/sites/car-wash/lib/Cake/View/View.php(463): View->_getViewFileName('installations')
#1 /var/www/sites/car-wash/lib/Cake/Controller/Controller.php(954): View->render('installations', NULL)
#2 /var/www/sites/car-wash/app/Controller/PagesController.php(76): Controller->render('installations')
#3 [internal function]: PagesController->display('installations')
#4 /var/www/sites/car-wash/lib/Cake/Controller/Controller.php(490): ReflectionMethod->invokeArgs(Object(PagesController), Array)
#5 /var/www/sites/car-wash/lib/Cake/Routing/Dispatcher.php(185): Controller->invokeAction(Object(CakeRequest))
#6 /var/www/sites/car-wash/lib/Cake/Routing/Dispatcher.php(160): Dispatcher->_invoke(Object(PagesController), Object(CakeRequest), Object(CakeResponse))
#7 /var/www/sites/car-wash/app/webroot/index.php(108): Dispatcher->dispatch(Object(CakeRequest), Object(CakeResponse))
#8 {main}
2014-07-14 18:28:11 Error: [MissingViewException] View file "/var/www/sites/car-wash/app/View/Pages/installations.ctp" is missing.
Exception Attributes: array (
  'file' => '/var/www/sites/car-wash/app/View/Pages/installations.ctp',
)
Request URL: /sites/car-wash/pages/installations
Stack Trace:
#0 /var/www/sites/car-wash/lib/Cake/View/View.php(463): View->_getViewFileName('installations')
#1 /var/www/sites/car-wash/lib/Cake/Controller/Controller.php(954): View->render('installations', NULL)
#2 /var/www/sites/car-wash/app/Controller/PagesController.php(76): Controller->render('installations')
#3 [internal function]: PagesController->display('installations')
#4 /var/www/sites/car-wash/lib/Cake/Controller/Controller.php(490): ReflectionMethod->invokeArgs(Object(PagesController), Array)
#5 /var/www/sites/car-wash/lib/Cake/Routing/Dispatcher.php(185): Controller->invokeAction(Object(CakeRequest))
#6 /var/www/sites/car-wash/lib/Cake/Routing/Dispatcher.php(160): Dispatcher->_invoke(Object(PagesController), Object(CakeRequest), Object(CakeResponse))
#7 /var/www/sites/car-wash/app/webroot/index.php(108): Dispatcher->dispatch(Object(CakeRequest), Object(CakeResponse))
#8 {main}
2014-07-14 18:29:38 Error: Fatal Error (64): Cannot redeclare PagesController::home() in [/var/www/sites/car-wash/app/Controller/PagesController.php, line 85]
2014-07-14 18:29:38 Error: [FatalErrorException] Cannot redeclare PagesController::home()
Request URL: /sites/car-wash/pages/contact
Stack Trace:
#0 /var/www/sites/car-wash/lib/Cake/Error/ErrorHandler.php(203): ErrorHandler::handleFatalError(64, 'Cannot redeclar...', '/var/www/sites/...', 85)
#1 [internal function]: ErrorHandler::handleError(64, 'Cannot redeclar...', '/var/www/sites/...', 85, Array)
#2 /var/www/sites/car-wash/lib/Cake/Core/App.php(929): call_user_func('ErrorHandler::h...', 64, 'Cannot redeclar...', '/var/www/sites/...', 85, Array)
#3 /var/www/sites/car-wash/lib/Cake/Core/App.php(902): App::_checkFatalError()
#4 [internal function]: App::shutdown()
#5 {main}
2014-07-14 18:29:40 Error: Fatal Error (64): Cannot redeclare PagesController::home() in [/var/www/sites/car-wash/app/Controller/PagesController.php, line 85]
2014-07-14 18:29:40 Error: [FatalErrorException] Cannot redeclare PagesController::home()
Request URL: /sites/car-wash/pages
Stack Trace:
#0 /var/www/sites/car-wash/lib/Cake/Error/ErrorHandler.php(203): ErrorHandler::handleFatalError(64, 'Cannot redeclar...', '/var/www/sites/...', 85)
#1 [internal function]: ErrorHandler::handleError(64, 'Cannot redeclar...', '/var/www/sites/...', 85, Array)
#2 /var/www/sites/car-wash/lib/Cake/Core/App.php(929): call_user_func('ErrorHandler::h...', 64, 'Cannot redeclar...', '/var/www/sites/...', 85, Array)
#3 /var/www/sites/car-wash/lib/Cake/Core/App.php(902): App::_checkFatalError()
#4 [internal function]: App::shutdown()
#5 {main}
2014-07-14 18:29:41 Error: Fatal Error (64): Cannot redeclare PagesController::home() in [/var/www/sites/car-wash/app/Controller/PagesController.php, line 85]
2014-07-14 18:29:41 Error: [FatalErrorException] Cannot redeclare PagesController::home()
Request URL: /sites/car-wash/pages
Stack Trace:
#0 /var/www/sites/car-wash/lib/Cake/Error/ErrorHandler.php(203): ErrorHandler::handleFatalError(64, 'Cannot redeclar...', '/var/www/sites/...', 85)
#1 [internal function]: ErrorHandler::handleError(64, 'Cannot redeclar...', '/var/www/sites/...', 85, Array)
#2 /var/www/sites/car-wash/lib/Cake/Core/App.php(929): call_user_func('ErrorHandler::h...', 64, 'Cannot redeclar...', '/var/www/sites/...', 85, Array)
#3 /var/www/sites/car-wash/lib/Cake/Core/App.php(902): App::_checkFatalError()
#4 [internal function]: App::shutdown()
#5 {main}
2014-07-14 18:29:41 Error: Fatal Error (64): Cannot redeclare PagesController::home() in [/var/www/sites/car-wash/app/Controller/PagesController.php, line 85]
2014-07-14 18:29:41 Error: [FatalErrorException] Cannot redeclare PagesController::home()
Request URL: /sites/car-wash/pages
Stack Trace:
#0 /var/www/sites/car-wash/lib/Cake/Error/ErrorHandler.php(203): ErrorHandler::handleFatalError(64, 'Cannot redeclar...', '/var/www/sites/...', 85)
#1 [internal function]: ErrorHandler::handleError(64, 'Cannot redeclar...', '/var/www/sites/...', 85, Array)
#2 /var/www/sites/car-wash/lib/Cake/Core/App.php(929): call_user_func('ErrorHandler::h...', 64, 'Cannot redeclar...', '/var/www/sites/...', 85, Array)
#3 /var/www/sites/car-wash/lib/Cake/Core/App.php(902): App::_checkFatalError()
#4 [internal function]: App::shutdown()
#5 {main}
2014-07-14 18:29:41 Error: Fatal Error (64): Cannot redeclare PagesController::home() in [/var/www/sites/car-wash/app/Controller/PagesController.php, line 85]
2014-07-14 18:29:41 Error: [FatalErrorException] Cannot redeclare PagesController::home()
Request URL: /sites/car-wash/pages
Stack Trace:
#0 /var/www/sites/car-wash/lib/Cake/Error/ErrorHandler.php(203): ErrorHandler::handleFatalError(64, 'Cannot redeclar...', '/var/www/sites/...', 85)
#1 [internal function]: ErrorHandler::handleError(64, 'Cannot redeclar...', '/var/www/sites/...', 85, Array)
#2 /var/www/sites/car-wash/lib/Cake/Core/App.php(929): call_user_func('ErrorHandler::h...', 64, 'Cannot redeclar...', '/var/www/sites/...', 85, Array)
#3 /var/www/sites/car-wash/lib/Cake/Core/App.php(902): App::_checkFatalError()
#4 [internal function]: App::shutdown()
#5 {main}
2014-07-14 18:29:41 Error: Fatal Error (64): Cannot redeclare PagesController::home() in [/var/www/sites/car-wash/app/Controller/PagesController.php, line 85]
2014-07-14 18:29:41 Error: [FatalErrorException] Cannot redeclare PagesController::home()
Request URL: /sites/car-wash/pages
Stack Trace:
#0 /var/www/sites/car-wash/lib/Cake/Error/ErrorHandler.php(203): ErrorHandler::handleFatalError(64, 'Cannot redeclar...', '/var/www/sites/...', 85)
#1 [internal function]: ErrorHandler::handleError(64, 'Cannot redeclar...', '/var/www/sites/...', 85, Array)
#2 /var/www/sites/car-wash/lib/Cake/Core/App.php(929): call_user_func('ErrorHandler::h...', 64, 'Cannot redeclar...', '/var/www/sites/...', 85, Array)
#3 /var/www/sites/car-wash/lib/Cake/Core/App.php(902): App::_checkFatalError()
#4 [internal function]: App::shutdown()
#5 {main}
2014-07-14 18:31:39 Error: [MissingActionException] Action PagesController::index() could not be found.
Exception Attributes: array (
  'controller' => 'PagesController',
  'action' => 'index',
)
Request URL: /sites/car-wash/
Stack Trace:
#0 /var/www/sites/car-wash/lib/Cake/Routing/Dispatcher.php(185): Controller->invokeAction(Object(CakeRequest))
#1 /var/www/sites/car-wash/lib/Cake/Routing/Dispatcher.php(160): Dispatcher->_invoke(Object(PagesController), Object(CakeRequest), Object(CakeResponse))
#2 /var/www/sites/car-wash/app/webroot/index.php(108): Dispatcher->dispatch(Object(CakeRequest), Object(CakeResponse))
#3 {main}
2014-07-14 18:31:39 Error: [MissingActionException] Action PagesController::index() could not be found.
Exception Attributes: array (
  'controller' => 'PagesController',
  'action' => 'index',
)
Request URL: /sites/car-wash/
Stack Trace:
#0 /var/www/sites/car-wash/lib/Cake/Routing/Dispatcher.php(185): Controller->invokeAction(Object(CakeRequest))
#1 /var/www/sites/car-wash/lib/Cake/Routing/Dispatcher.php(160): Dispatcher->_invoke(Object(PagesController), Object(CakeRequest), Object(CakeResponse))
#2 /var/www/sites/car-wash/app/webroot/index.php(108): Dispatcher->dispatch(Object(CakeRequest), Object(CakeResponse))
#3 {main}
2014-07-14 18:31:41 Error: [MissingActionException] Action PagesController::index() could not be found.
Exception Attributes: array (
  'controller' => 'PagesController',
  'action' => 'index',
)
Request URL: /sites/car-wash/
Stack Trace:
#0 /var/www/sites/car-wash/lib/Cake/Routing/Dispatcher.php(185): Controller->invokeAction(Object(CakeRequest))
#1 /var/www/sites/car-wash/lib/Cake/Routing/Dispatcher.php(160): Dispatcher->_invoke(Object(PagesController), Object(CakeRequest), Object(CakeResponse))
#2 /var/www/sites/car-wash/app/webroot/index.php(108): Dispatcher->dispatch(Object(CakeRequest), Object(CakeResponse))
#3 {main}
2014-07-14 18:32:20 Error: [MissingActionException] Action PagesController::index() could not be found.
Exception Attributes: array (
  'controller' => 'PagesController',
  'action' => 'index',
)
Request URL: /sites/car-wash/
Stack Trace:
#0 /var/www/sites/car-wash/lib/Cake/Routing/Dispatcher.php(185): Controller->invokeAction(Object(CakeRequest))
#1 /var/www/sites/car-wash/lib/Cake/Routing/Dispatcher.php(160): Dispatcher->_invoke(Object(PagesController), Object(CakeRequest), Object(CakeResponse))
#2 /var/www/sites/car-wash/app/webroot/index.php(108): Dispatcher->dispatch(Object(CakeRequest), Object(CakeResponse))
#3 {main}
2014-07-14 18:33:43 Error: [MissingActionException] Action PagesController::index() could not be found.
Exception Attributes: array (
  'controller' => 'PagesController',
  'action' => 'index',
)
Request URL: /sites/car-wash/
Stack Trace:
#0 /var/www/sites/car-wash/lib/Cake/Routing/Dispatcher.php(185): Controller->invokeAction(Object(CakeRequest))
#1 /var/www/sites/car-wash/lib/Cake/Routing/Dispatcher.php(160): Dispatcher->_invoke(Object(PagesController), Object(CakeRequest), Object(CakeResponse))
#2 /var/www/sites/car-wash/app/webroot/index.php(108): Dispatcher->dispatch(Object(CakeRequest), Object(CakeResponse))
#3 {main}
2014-07-14 18:33:44 Error: [MissingActionException] Action PagesController::index() could not be found.
Exception Attributes: array (
  'controller' => 'PagesController',
  'action' => 'index',
)
Request URL: /sites/car-wash/
Stack Trace:
#0 /var/www/sites/car-wash/lib/Cake/Routing/Dispatcher.php(185): Controller->invokeAction(Object(CakeRequest))
#1 /var/www/sites/car-wash/lib/Cake/Routing/Dispatcher.php(160): Dispatcher->_invoke(Object(PagesController), Object(CakeRequest), Object(CakeResponse))
#2 /var/www/sites/car-wash/app/webroot/index.php(108): Dispatcher->dispatch(Object(CakeRequest), Object(CakeResponse))
#3 {main}
2014-07-14 18:33:44 Error: [MissingActionException] Action PagesController::index() could not be found.
Exception Attributes: array (
  'controller' => 'PagesController',
  'action' => 'index',
)
Request URL: /sites/car-wash/
Stack Trace:
#0 /var/www/sites/car-wash/lib/Cake/Routing/Dispatcher.php(185): Controller->invokeAction(Object(CakeRequest))
#1 /var/www/sites/car-wash/lib/Cake/Routing/Dispatcher.php(160): Dispatcher->_invoke(Object(PagesController), Object(CakeRequest), Object(CakeResponse))
#2 /var/www/sites/car-wash/app/webroot/index.php(108): Dispatcher->dispatch(Object(CakeRequest), Object(CakeResponse))
#3 {main}
2014-07-14 18:33:48 Error: [MissingActionException] Action PagesController::index() could not be found.
Exception Attributes: array (
  'controller' => 'PagesController',
  'action' => 'index',
)
Request URL: /sites/car-wash/
Stack Trace:
#0 /var/www/sites/car-wash/lib/Cake/Routing/Dispatcher.php(185): Controller->invokeAction(Object(CakeRequest))
#1 /var/www/sites/car-wash/lib/Cake/Routing/Dispatcher.php(160): Dispatcher->_invoke(Object(PagesController), Object(CakeRequest), Object(CakeResponse))
#2 /var/www/sites/car-wash/app/webroot/index.php(108): Dispatcher->dispatch(Object(CakeRequest), Object(CakeResponse))
#3 {main}
2014-07-14 18:33:48 Error: [MissingActionException] Action PagesController::index() could not be found.
Exception Attributes: array (
  'controller' => 'PagesController',
  'action' => 'index',
)
Request URL: /sites/car-wash/
Stack Trace:
#0 /var/www/sites/car-wash/lib/Cake/Routing/Dispatcher.php(185): Controller->invokeAction(Object(CakeRequest))
#1 /var/www/sites/car-wash/lib/Cake/Routing/Dispatcher.php(160): Dispatcher->_invoke(Object(PagesController), Object(CakeRequest), Object(CakeResponse))
#2 /var/www/sites/car-wash/app/webroot/index.php(108): Dispatcher->dispatch(Object(CakeRequest), Object(CakeResponse))
#3 {main}
2014-07-14 18:33:48 Error: [MissingActionException] Action PagesController::index() could not be found.
Exception Attributes: array (
  'controller' => 'PagesController',
  'action' => 'index',
)
Request URL: /sites/car-wash/
Stack Trace:
#0 /var/www/sites/car-wash/lib/Cake/Routing/Dispatcher.php(185): Controller->invokeAction(Object(CakeRequest))
#1 /var/www/sites/car-wash/lib/Cake/Routing/Dispatcher.php(160): Dispatcher->_invoke(Object(PagesController), Object(CakeRequest), Object(CakeResponse))
#2 /var/www/sites/car-wash/app/webroot/index.php(108): Dispatcher->dispatch(Object(CakeRequest), Object(CakeResponse))
#3 {main}
2014-07-14 18:36:38 Error: [MissingViewException] View file "/var/www/sites/car-wash/app/View/Pages/produits.ctp" is missing.
Exception Attributes: array (
  'file' => '/var/www/sites/car-wash/app/View/Pages/produits.ctp',
)
Request URL: /sites/car-wash/pages/produits
Stack Trace:
#0 /var/www/sites/car-wash/lib/Cake/View/View.php(463): View->_getViewFileName('produits')
#1 /var/www/sites/car-wash/lib/Cake/Controller/Controller.php(954): View->render('produits', NULL)
#2 /var/www/sites/car-wash/app/Controller/PagesController.php(81): Controller->render('produits')
#3 [internal function]: PagesController->display('produits')
#4 /var/www/sites/car-wash/lib/Cake/Controller/Controller.php(490): ReflectionMethod->invokeArgs(Object(PagesController), Array)
#5 /var/www/sites/car-wash/lib/Cake/Routing/Dispatcher.php(185): Controller->invokeAction(Object(CakeRequest))
#6 /var/www/sites/car-wash/lib/Cake/Routing/Dispatcher.php(160): Dispatcher->_invoke(Object(PagesController), Object(CakeRequest), Object(CakeResponse))
#7 /var/www/sites/car-wash/app/webroot/index.php(108): Dispatcher->dispatch(Object(CakeRequest), Object(CakeResponse))
#8 {main}
2014-07-15 20:25:58 Error: [MissingControllerException] Controller class ImgController could not be found.
Exception Attributes: array (
  'class' => 'ImgController',
  'plugin' => NULL,
)
Request URL: /sites/car-wash/img/intro/arwash.jpg
Stack Trace:
#0 /var/www/sites/car-wash/app/webroot/index.php(108): Dispatcher->dispatch(Object(CakeRequest), Object(CakeResponse))
#1 {main}
2014-07-15 20:25:59 Error: [MissingControllerException] Controller class ImgController could not be found.
Exception Attributes: array (
  'class' => 'ImgController',
  'plugin' => NULL,
)
Request URL: /sites/car-wash/img/intro/arwash.jpg
Stack Trace:
#0 /var/www/sites/car-wash/app/webroot/index.php(108): Dispatcher->dispatch(Object(CakeRequest), Object(CakeResponse))
#1 {main}
2014-07-15 20:25:59 Error: [MissingControllerException] Controller class ImgController could not be found.
Exception Attributes: array (
  'class' => 'ImgController',
  'plugin' => NULL,
)
Request URL: /sites/car-wash/img/intro/arwash.jpg
Stack Trace:
#0 /var/www/sites/car-wash/app/webroot/index.php(108): Dispatcher->dispatch(Object(CakeRequest), Object(CakeResponse))
#1 {main}
2014-07-15 20:44:22 Error: [MissingControllerException] Controller class ImgController could not be found.
Exception Attributes: array (
  'class' => 'ImgController',
  'plugin' => NULL,
)
Request URL: /sites/car-wash/img/installation/installation1.jpg
Stack Trace:
#0 /var/www/sites/car-wash/app/webroot/index.php(108): Dispatcher->dispatch(Object(CakeRequest), Object(CakeResponse))
#1 {main}
2014-07-15 20:44:24 Error: [MissingControllerException] Controller class ImgController could not be found.
Exception Attributes: array (
  'class' => 'ImgController',
  'plugin' => NULL,
)
Request URL: /sites/car-wash/img/installation/installation1.jpg
Stack Trace:
#0 /var/www/sites/car-wash/app/webroot/index.php(108): Dispatcher->dispatch(Object(CakeRequest), Object(CakeResponse))
#1 {main}
2014-07-15 20:53:30 Error: [MissingViewException] View file "/var/www/sites/car-wash/app/View/Pages/installations.ctp" is missing.
Exception Attributes: array (
  'file' => '/var/www/sites/car-wash/app/View/Pages/installations.ctp',
)
Request URL: /sites/car-wash/pages/installations
Stack Trace:
#0 /var/www/sites/car-wash/lib/Cake/View/View.php(463): View->_getViewFileName('installations')
#1 /var/www/sites/car-wash/lib/Cake/Controller/Controller.php(954): View->render('installations', NULL)
#2 /var/www/sites/car-wash/app/Controller/PagesController.php(81): Controller->render('installations')
#3 [internal function]: PagesController->display('installations')
#4 /var/www/sites/car-wash/lib/Cake/Controller/Controller.php(490): ReflectionMethod->invokeArgs(Object(PagesController), Array)
#5 /var/www/sites/car-wash/lib/Cake/Routing/Dispatcher.php(185): Controller->invokeAction(Object(CakeRequest))
#6 /var/www/sites/car-wash/lib/Cake/Routing/Dispatcher.php(160): Dispatcher->_invoke(Object(PagesController), Object(CakeRequest), Object(CakeResponse))
#7 /var/www/sites/car-wash/app/webroot/index.php(108): Dispatcher->dispatch(Object(CakeRequest), Object(CakeResponse))
#8 {main}
2014-07-19 17:31:59 Error: [MissingViewException] View file "/var/www/sites/car-wash/app/View/Pages/boutiques.ctp" is missing.
Exception Attributes: array (
  'file' => '/var/www/sites/car-wash/app/View/Pages/boutiques.ctp',
)
Request URL: /sites/car-wash/pages/boutiques
Stack Trace:
#0 /var/www/sites/car-wash/lib/Cake/View/View.php(463): View->_getViewFileName('boutiques')
#1 /var/www/sites/car-wash/lib/Cake/Controller/Controller.php(954): View->render('boutiques', NULL)
#2 /var/www/sites/car-wash/app/Controller/PagesController.php(88): Controller->render('boutiques')
#3 [internal function]: PagesController->display('boutiques')
#4 /var/www/sites/car-wash/lib/Cake/Controller/Controller.php(490): ReflectionMethod->invokeArgs(Object(PagesController), Array)
#5 /var/www/sites/car-wash/lib/Cake/Routing/Dispatcher.php(185): Controller->invokeAction(Object(CakeRequest))
#6 /var/www/sites/car-wash/lib/Cake/Routing/Dispatcher.php(160): Dispatcher->_invoke(Object(PagesController), Object(CakeRequest), Object(CakeResponse))
#7 /var/www/sites/car-wash/app/webroot/index.php(108): Dispatcher->dispatch(Object(CakeRequest), Object(CakeResponse))
#8 {main}
2014-07-19 17:32:02 Error: [MissingViewException] View file "/var/www/sites/car-wash/app/View/Pages/boutiques.ctp" is missing.
Exception Attributes: array (
  'file' => '/var/www/sites/car-wash/app/View/Pages/boutiques.ctp',
)
Request URL: /sites/car-wash/pages/boutiques
Stack Trace:
#0 /var/www/sites/car-wash/lib/Cake/View/View.php(463): View->_getViewFileName('boutiques')
#1 /var/www/sites/car-wash/lib/Cake/Controller/Controller.php(954): View->render('boutiques', NULL)
#2 /var/www/sites/car-wash/app/Controller/PagesController.php(88): Controller->render('boutiques')
#3 [internal function]: PagesController->display('boutiques')
#4 /var/www/sites/car-wash/lib/Cake/Controller/Controller.php(490): ReflectionMethod->invokeArgs(Object(PagesController), Array)
#5 /var/www/sites/car-wash/lib/Cake/Routing/Dispatcher.php(185): Controller->invokeAction(Object(CakeRequest))
#6 /var/www/sites/car-wash/lib/Cake/Routing/Dispatcher.php(160): Dispatcher->_invoke(Object(PagesController), Object(CakeRequest), Object(CakeResponse))
#7 /var/www/sites/car-wash/app/webroot/index.php(108): Dispatcher->dispatch(Object(CakeRequest), Object(CakeResponse))
#8 {main}
2014-07-19 17:32:59 Error: [MissingViewException] View file "/var/www/sites/car-wash/app/View/Pages/services .ctp" is missing.
Exception Attributes: array (
  'file' => '/var/www/sites/car-wash/app/View/Pages/services .ctp',
)
Request URL: /sites/car-wash/pages/services%20
Stack Trace:
#0 /var/www/sites/car-wash/lib/Cake/View/View.php(463): View->_getViewFileName('services ')
#1 /var/www/sites/car-wash/lib/Cake/Controller/Controller.php(954): View->render('services ', NULL)
#2 /var/www/sites/car-wash/app/Controller/PagesController.php(88): Controller->render('services ')
#3 [internal function]: PagesController->display('services ')
#4 /var/www/sites/car-wash/lib/Cake/Controller/Controller.php(490): ReflectionMethod->invokeArgs(Object(PagesController), Array)
#5 /var/www/sites/car-wash/lib/Cake/Routing/Dispatcher.php(185): Controller->invokeAction(Object(CakeRequest))
#6 /var/www/sites/car-wash/lib/Cake/Routing/Dispatcher.php(160): Dispatcher->_invoke(Object(PagesController), Object(CakeRequest), Object(CakeResponse))
#7 /var/www/sites/car-wash/app/webroot/index.php(108): Dispatcher->dispatch(Object(CakeRequest), Object(CakeResponse))
#8 {main}
2014-07-19 17:51:15 Error: [MissingViewException] View file "/var/www/sites/car-wash/app/View/Pages/installations.ctp" is missing.
Exception Attributes: array (
  'file' => '/var/www/sites/car-wash/app/View/Pages/installations.ctp',
)
Request URL: /sites/car-wash/pages/installations
Stack Trace:
#0 /var/www/sites/car-wash/lib/Cake/View/View.php(463): View->_getViewFileName('installations')
#1 /var/www/sites/car-wash/lib/Cake/Controller/Controller.php(954): View->render('installations', NULL)
#2 /var/www/sites/car-wash/app/Controller/PagesController.php(88): Controller->render('installations')
#3 [internal function]: PagesController->display('installations')
#4 /var/www/sites/car-wash/lib/Cake/Controller/Controller.php(490): ReflectionMethod->invokeArgs(Object(PagesController), Array)
#5 /var/www/sites/car-wash/lib/Cake/Routing/Dispatcher.php(185): Controller->invokeAction(Object(CakeRequest))
#6 /var/www/sites/car-wash/lib/Cake/Routing/Dispatcher.php(160): Dispatcher->_invoke(Object(PagesController), Object(CakeRequest), Object(CakeResponse))
#7 /var/www/sites/car-wash/app/webroot/index.php(108): Dispatcher->dispatch(Object(CakeRequest), Object(CakeResponse))
#8 {main}
2014-07-19 17:51:16 Error: [MissingViewException] View file "/var/www/sites/car-wash/app/View/Pages/installations.ctp" is missing.
Exception Attributes: array (
  'file' => '/var/www/sites/car-wash/app/View/Pages/installations.ctp',
)
Request URL: /sites/car-wash/pages/installations
Stack Trace:
#0 /var/www/sites/car-wash/lib/Cake/View/View.php(463): View->_getViewFileName('installations')
#1 /var/www/sites/car-wash/lib/Cake/Controller/Controller.php(954): View->render('installations', NULL)
#2 /var/www/sites/car-wash/app/Controller/PagesController.php(88): Controller->render('installations')
#3 [internal function]: PagesController->display('installations')
#4 /var/www/sites/car-wash/lib/Cake/Controller/Controller.php(490): ReflectionMethod->invokeArgs(Object(PagesController), Array)
#5 /var/www/sites/car-wash/lib/Cake/Routing/Dispatcher.php(185): Controller->invokeAction(Object(CakeRequest))
#6 /var/www/sites/car-wash/lib/Cake/Routing/Dispatcher.php(160): Dispatcher->_invoke(Object(PagesController), Object(CakeRequest), Object(CakeResponse))
#7 /var/www/sites/car-wash/app/webroot/index.php(108): Dispatcher->dispatch(Object(CakeRequest), Object(CakeResponse))
#8 {main}
2014-07-19 17:51:19 Error: [MissingViewException] View file "/var/www/sites/car-wash/app/View/Pages/installations.ctp" is missing.
Exception Attributes: array (
  'file' => '/var/www/sites/car-wash/app/View/Pages/installations.ctp',
)
Request URL: /sites/car-wash/pages/installations
Stack Trace:
#0 /var/www/sites/car-wash/lib/Cake/View/View.php(463): View->_getViewFileName('installations')
#1 /var/www/sites/car-wash/lib/Cake/Controller/Controller.php(954): View->render('installations', NULL)
#2 /var/www/sites/car-wash/app/Controller/PagesController.php(88): Controller->render('installations')
#3 [internal function]: PagesController->display('installations')
#4 /var/www/sites/car-wash/lib/Cake/Controller/Controller.php(490): ReflectionMethod->invokeArgs(Object(PagesController), Array)
#5 /var/www/sites/car-wash/lib/Cake/Routing/Dispatcher.php(185): Controller->invokeAction(Object(CakeRequest))
#6 /var/www/sites/car-wash/lib/Cake/Routing/Dispatcher.php(160): Dispatcher->_invoke(Object(PagesController), Object(CakeRequest), Object(CakeResponse))
#7 /var/www/sites/car-wash/app/webroot/index.php(108): Dispatcher->dispatch(Object(CakeRequest), Object(CakeResponse))
#8 {main}
2014-07-19 17:51:24 Error: [MissingViewException] View file "/var/www/sites/car-wash/app/View/Pages/installations.ctp" is missing.
Exception Attributes: array (
  'file' => '/var/www/sites/car-wash/app/View/Pages/installations.ctp',
)
Request URL: /sites/car-wash/pages/installations
Stack Trace:
#0 /var/www/sites/car-wash/lib/Cake/View/View.php(463): View->_getViewFileName('installations')
#1 /var/www/sites/car-wash/lib/Cake/Controller/Controller.php(954): View->render('installations', NULL)
#2 /var/www/sites/car-wash/app/Controller/PagesController.php(88): Controller->render('installations')
#3 [internal function]: PagesController->display('installations')
#4 /var/www/sites/car-wash/lib/Cake/Controller/Controller.php(490): ReflectionMethod->invokeArgs(Object(PagesController), Array)
#5 /var/www/sites/car-wash/lib/Cake/Routing/Dispatcher.php(185): Controller->invokeAction(Object(CakeRequest))
#6 /var/www/sites/car-wash/lib/Cake/Routing/Dispatcher.php(160): Dispatcher->_invoke(Object(PagesController), Object(CakeRequest), Object(CakeResponse))
#7 /var/www/sites/car-wash/app/webroot/index.php(108): Dispatcher->dispatch(Object(CakeRequest), Object(CakeResponse))
#8 {main}
2014-07-19 17:59:14 Error: [MissingViewException] View file "/var/www/sites/car-wash/app/View/Pages/installations.ctp" is missing.
Exception Attributes: array (
  'file' => '/var/www/sites/car-wash/app/View/Pages/installations.ctp',
)
Request URL: /sites/car-wash/pages/installations
Stack Trace:
#0 /var/www/sites/car-wash/lib/Cake/View/View.php(463): View->_getViewFileName('installations')
#1 /var/www/sites/car-wash/lib/Cake/Controller/Controller.php(954): View->render('installations', NULL)
#2 /var/www/sites/car-wash/app/Controller/PagesController.php(88): Controller->render('installations')
#3 [internal function]: PagesController->display('installations')
#4 /var/www/sites/car-wash/lib/Cake/Controller/Controller.php(490): ReflectionMethod->invokeArgs(Object(PagesController), Array)
#5 /var/www/sites/car-wash/lib/Cake/Routing/Dispatcher.php(185): Controller->invokeAction(Object(CakeRequest))
#6 /var/www/sites/car-wash/lib/Cake/Routing/Dispatcher.php(160): Dispatcher->_invoke(Object(PagesController), Object(CakeRequest), Object(CakeResponse))
#7 /var/www/sites/car-wash/app/webroot/index.php(108): Dispatcher->dispatch(Object(CakeRequest), Object(CakeResponse))
#8 {main}
2014-07-19 18:05:36 Error: [MissingViewException] View file "/var/www/sites/car-wash/app/View/Pages/installations.ctp" is missing.
Exception Attributes: array (
  'file' => '/var/www/sites/car-wash/app/View/Pages/installations.ctp',
)
Request URL: /sites/car-wash/pages/installations
Stack Trace:
#0 /var/www/sites/car-wash/lib/Cake/View/View.php(463): View->_getViewFileName('installations')
#1 /var/www/sites/car-wash/lib/Cake/Controller/Controller.php(954): View->render('installations', NULL)
#2 /var/www/sites/car-wash/app/Controller/PagesController.php(88): Controller->render('installations')
#3 [internal function]: PagesController->display('installations')
#4 /var/www/sites/car-wash/lib/Cake/Controller/Controller.php(490): ReflectionMethod->invokeArgs(Object(PagesController), Array)
#5 /var/www/sites/car-wash/lib/Cake/Routing/Dispatcher.php(185): Controller->invokeAction(Object(CakeRequest))
#6 /var/www/sites/car-wash/lib/Cake/Routing/Dispatcher.php(160): Dispatcher->_invoke(Object(PagesController), Object(CakeRequest), Object(CakeResponse))
#7 /var/www/sites/car-wash/app/webroot/index.php(108): Dispatcher->dispatch(Object(CakeRequest), Object(CakeResponse))
#8 {main}
2014-07-19 18:05:39 Error: [MissingViewException] View file "/var/www/sites/car-wash/app/View/Pages/installations.ctp" is missing.
Exception Attributes: array (
  'file' => '/var/www/sites/car-wash/app/View/Pages/installations.ctp',
)
Request URL: /sites/car-wash/pages/installations
Stack Trace:
#0 /var/www/sites/car-wash/lib/Cake/View/View.php(463): View->_getViewFileName('installations')
#1 /var/www/sites/car-wash/lib/Cake/Controller/Controller.php(954): View->render('installations', NULL)
#2 /var/www/sites/car-wash/app/Controller/PagesController.php(88): Controller->render('installations')
#3 [internal function]: PagesController->display('installations')
#4 /var/www/sites/car-wash/lib/Cake/Controller/Controller.php(490): ReflectionMethod->invokeArgs(Object(PagesController), Array)
#5 /var/www/sites/car-wash/lib/Cake/Routing/Dispatcher.php(185): Controller->invokeAction(Object(CakeRequest))
#6 /var/www/sites/car-wash/lib/Cake/Routing/Dispatcher.php(160): Dispatcher->_invoke(Object(PagesController), Object(CakeRequest), Object(CakeResponse))
#7 /var/www/sites/car-wash/app/webroot/index.php(108): Dispatcher->dispatch(Object(CakeRequest), Object(CakeResponse))
#8 {main}
2014-07-19 18:08:38 Error: [MissingViewException] View file "/var/www/sites/car-wash/app/View/Pages/car_wash.ctp" is missing.
Exception Attributes: array (
  'file' => '/var/www/sites/car-wash/app/View/Pages/car_wash.ctp',
)
Request URL: /sites/car-wash/pages/carWash
Stack Trace:
#0 /var/www/sites/car-wash/lib/Cake/View/View.php(463): View->_getViewFileName('carWash')
#1 /var/www/sites/car-wash/lib/Cake/Controller/Controller.php(954): View->render('carWash', NULL)
#2 /var/www/sites/car-wash/app/Controller/PagesController.php(92): Controller->render('carWash')
#3 [internal function]: PagesController->display('carWash')
#4 /var/www/sites/car-wash/lib/Cake/Controller/Controller.php(490): ReflectionMethod->invokeArgs(Object(PagesController), Array)
#5 /var/www/sites/car-wash/lib/Cake/Routing/Dispatcher.php(185): Controller->invokeAction(Object(CakeRequest))
#6 /var/www/sites/car-wash/lib/Cake/Routing/Dispatcher.php(160): Dispatcher->_invoke(Object(PagesController), Object(CakeRequest), Object(CakeResponse))
#7 /var/www/sites/car-wash/app/webroot/index.php(108): Dispatcher->dispatch(Object(CakeRequest), Object(CakeResponse))
#8 {main}
2014-07-19 18:11:14 Error: [MissingControllerException] Controller class ImgController could not be found.
Exception Attributes: array (
  'class' => 'ImgController',
  'plugin' => NULL,
)
Request URL: /sites/car-wash/img/garage/fotolia_1.jpg
Stack Trace:
#0 /var/www/sites/car-wash/app/webroot/index.php(108): Dispatcher->dispatch(Object(CakeRequest), Object(CakeResponse))
#1 {main}
2014-07-19 18:11:53 Error: [MissingControllerException] Controller class ImgController could not be found.
Exception Attributes: array (
  'class' => 'ImgController',
  'plugin' => NULL,
)
Request URL: /sites/car-wash/img/garage/fotolia_1.jpg
Stack Trace:
#0 /var/www/sites/car-wash/app/webroot/index.php(108): Dispatcher->dispatch(Object(CakeRequest), Object(CakeResponse))
#1 {main}
2014-07-19 18:11:54 Error: [MissingControllerException] Controller class ImgController could not be found.
Exception Attributes: array (
  'class' => 'ImgController',
  'plugin' => NULL,
)
Request URL: /sites/car-wash/img/garage/fotolia_1.jpg
Stack Trace:
#0 /var/www/sites/car-wash/app/webroot/index.php(108): Dispatcher->dispatch(Object(CakeRequest), Object(CakeResponse))
#1 {main}
2014-07-19 18:12:11 Error: [MissingControllerException] Controller class ImgController could not be found.
Exception Attributes: array (
  'class' => 'ImgController',
  'plugin' => NULL,
)
Request URL: /sites/car-wash/img/garage/fotolia_1.jpg
Stack Trace:
#0 /var/www/sites/car-wash/app/webroot/index.php(108): Dispatcher->dispatch(Object(CakeRequest), Object(CakeResponse))
#1 {main}
2014-07-19 18:12:30 Error: [MissingControllerException] Controller class ImgController could not be found.
Exception Attributes: array (
  'class' => 'ImgController',
  'plugin' => NULL,
)
Request URL: /sites/car-wash/img/garage/fotolia_1.jpg
Stack Trace:
#0 /var/www/sites/car-wash/app/webroot/index.php(108): Dispatcher->dispatch(Object(CakeRequest), Object(CakeResponse))
#1 {main}
2014-07-19 18:12:31 Error: [MissingControllerException] Controller class ImgController could not be found.
Exception Attributes: array (
  'class' => 'ImgController',
  'plugin' => NULL,
)
Request URL: /sites/car-wash/img/garage/fotolia_1.jpg
Stack Trace:
#0 /var/www/sites/car-wash/app/webroot/index.php(108): Dispatcher->dispatch(Object(CakeRequest), Object(CakeResponse))
#1 {main}
2014-12-19 21:38:07 Error: [MissingControllerException] Controller class AdminController could not be found.
Exception Attributes: array (
  'class' => 'AdminController',
  'plugin' => NULL,
)
Request URL: /sites/car-wash/admin
Stack Trace:
#0 /var/www/sites/car-wash/app/webroot/index.php(108): Dispatcher->dispatch(Object(CakeRequest), Object(CakeResponse))
#1 {main}
2014-12-29 11:03:11 Error: [MissingViewException] View file "/var/www/sites/car-wash/app/View/Pages/services.ctp" is missing.
Exception Attributes: array (
  'file' => '/var/www/sites/car-wash/app/View/Pages/services.ctp',
)
Request URL: /sites/car-wash/pages/services
Stack Trace:
#0 /var/www/sites/car-wash/lib/Cake/View/View.php(463): View->_getViewFileName('services')
#1 /var/www/sites/car-wash/lib/Cake/Controller/Controller.php(954): View->render('services', NULL)
#2 /var/www/sites/car-wash/app/Controller/PagesController.php(92): Controller->render('services')
#3 [internal function]: PagesController->display('services')
#4 /var/www/sites/car-wash/lib/Cake/Controller/Controller.php(490): ReflectionMethod->invokeArgs(Object(PagesController), Array)
#5 /var/www/sites/car-wash/lib/Cake/Routing/Dispatcher.php(185): Controller->invokeAction(Object(CakeRequest))
#6 /var/www/sites/car-wash/lib/Cake/Routing/Dispatcher.php(160): Dispatcher->_invoke(Object(PagesController), Object(CakeRequest), Object(CakeResponse))
#7 /var/www/sites/car-wash/app/webroot/index.php(108): Dispatcher->dispatch(Object(CakeRequest), Object(CakeResponse))
#8 {main}
2014-12-29 11:03:14 Error: [MissingViewException] View file "/var/www/sites/car-wash/app/View/Pages/services.ctp" is missing.
Exception Attributes: array (
  'file' => '/var/www/sites/car-wash/app/View/Pages/services.ctp',
)
Request URL: /sites/car-wash/pages/services
Stack Trace:
#0 /var/www/sites/car-wash/lib/Cake/View/View.php(463): View->_getViewFileName('services')
#1 /var/www/sites/car-wash/lib/Cake/Controller/Controller.php(954): View->render('services', NULL)
#2 /var/www/sites/car-wash/app/Controller/PagesController.php(92): Controller->render('services')
#3 [internal function]: PagesController->display('services')
#4 /var/www/sites/car-wash/lib/Cake/Controller/Controller.php(490): ReflectionMethod->invokeArgs(Object(PagesController), Array)
#5 /var/www/sites/car-wash/lib/Cake/Routing/Dispatcher.php(185): Controller->invokeAction(Object(CakeRequest))
#6 /var/www/sites/car-wash/lib/Cake/Routing/Dispatcher.php(160): Dispatcher->_invoke(Object(PagesController), Object(CakeRequest), Object(CakeResponse))
#7 /var/www/sites/car-wash/app/webroot/index.php(108): Dispatcher->dispatch(Object(CakeRequest), Object(CakeResponse))
#8 {main}
2014-12-29 11:06:20 Error: [MissingViewException] View file "/var/www/sites/car-wash/app/View/Pages/services.ctp" is missing.
Exception Attributes: array (
  'file' => '/var/www/sites/car-wash/app/View/Pages/services.ctp',
)
Request URL: /sites/car-wash/pages/services
Stack Trace:
#0 /var/www/sites/car-wash/lib/Cake/View/View.php(463): View->_getViewFileName('services')
#1 /var/www/sites/car-wash/lib/Cake/Controller/Controller.php(954): View->render('services', NULL)
#2 /var/www/sites/car-wash/app/Controller/PagesController.php(92): Controller->render('services')
#3 [internal function]: PagesController->display('services')
#4 /var/www/sites/car-wash/lib/Cake/Controller/Controller.php(490): ReflectionMethod->invokeArgs(Object(PagesController), Array)
#5 /var/www/sites/car-wash/lib/Cake/Routing/Dispatcher.php(185): Controller->invokeAction(Object(CakeRequest))
#6 /var/www/sites/car-wash/lib/Cake/Routing/Dispatcher.php(160): Dispatcher->_invoke(Object(PagesController), Object(CakeRequest), Object(CakeResponse))
#7 /var/www/sites/car-wash/app/webroot/index.php(108): Dispatcher->dispatch(Object(CakeRequest), Object(CakeResponse))
#8 {main}
2014-12-29 11:10:40 Error: [MissingViewException] View file "/var/www/sites/car-wash/app/View/Pages/services.ctp" is missing.
Exception Attributes: array (
  'file' => '/var/www/sites/car-wash/app/View/Pages/services.ctp',
)
Request URL: /sites/car-wash/pages/services
Stack Trace:
#0 /var/www/sites/car-wash/lib/Cake/View/View.php(463): View->_getViewFileName('services')
#1 /var/www/sites/car-wash/lib/Cake/Controller/Controller.php(954): View->render('services', NULL)
#2 /var/www/sites/car-wash/app/Controller/PagesController.php(92): Controller->render('services')
#3 [internal function]: PagesController->display('services')
#4 /var/www/sites/car-wash/lib/Cake/Controller/Controller.php(490): ReflectionMethod->invokeArgs(Object(PagesController), Array)
#5 /var/www/sites/car-wash/lib/Cake/Routing/Dispatcher.php(185): Controller->invokeAction(Object(CakeRequest))
#6 /var/www/sites/car-wash/lib/Cake/Routing/Dispatcher.php(160): Dispatcher->_invoke(Object(PagesController), Object(CakeRequest), Object(CakeResponse))
#7 /var/www/sites/car-wash/app/webroot/index.php(108): Dispatcher->dispatch(Object(CakeRequest), Object(CakeResponse))
#8 {main}
2014-12-29 11:18:00 Error: [MissingViewException] View file "/var/www/sites/car-wash/app/View/Pages/services.ctp" is missing.
Exception Attributes: array (
  'file' => '/var/www/sites/car-wash/app/View/Pages/services.ctp',
)
Request URL: /sites/car-wash/pages/services
Stack Trace:
#0 /var/www/sites/car-wash/lib/Cake/View/View.php(463): View->_getViewFileName('services')
#1 /var/www/sites/car-wash/lib/Cake/Controller/Controller.php(954): View->render('services', NULL)
#2 /var/www/sites/car-wash/app/Controller/PagesController.php(92): Controller->render('services')
#3 [internal function]: PagesController->display('services')
#4 /var/www/sites/car-wash/lib/Cake/Controller/Controller.php(490): ReflectionMethod->invokeArgs(Object(PagesController), Array)
#5 /var/www/sites/car-wash/lib/Cake/Routing/Dispatcher.php(185): Controller->invokeAction(Object(CakeRequest))
#6 /var/www/sites/car-wash/lib/Cake/Routing/Dispatcher.php(160): Dispatcher->_invoke(Object(PagesController), Object(CakeRequest), Object(CakeResponse))
#7 /var/www/sites/car-wash/app/webroot/index.php(108): Dispatcher->dispatch(Object(CakeRequest), Object(CakeResponse))
#8 {main}
2014-12-29 11:30:34 Error: [MissingControllerException] Controller class ImgController could not be found.
Exception Attributes: array (
  'class' => 'ImgController',
  'plugin' => NULL,
)
Request URL: /sites/car-wash/img/prestation/prestation1.jpg
Stack Trace:
#0 /var/www/sites/car-wash/app/webroot/index.php(108): Dispatcher->dispatch(Object(CakeRequest), Object(CakeResponse))
#1 {main}
2014-12-29 11:30:58 Error: [MissingControllerException] Controller class ImgController could not be found.
Exception Attributes: array (
  'class' => 'ImgController',
  'plugin' => NULL,
)
Request URL: /sites/car-wash/img/prestations/prestation1.jpg
Stack Trace:
#0 /var/www/sites/car-wash/app/webroot/index.php(108): Dispatcher->dispatch(Object(CakeRequest), Object(CakeResponse))
#1 {main}
2014-12-29 11:31:00 Error: [MissingControllerException] Controller class ImgController could not be found.
Exception Attributes: array (
  'class' => 'ImgController',
  'plugin' => NULL,
)
Request URL: /sites/car-wash/img/prestations/prestation1.jpg
Stack Trace:
#0 /var/www/sites/car-wash/app/webroot/index.php(108): Dispatcher->dispatch(Object(CakeRequest), Object(CakeResponse))
#1 {main}
2014-12-29 11:32:30 Error: [MissingControllerException] Controller class ImgController could not be found.
Exception Attributes: array (
  'class' => 'ImgController',
  'plugin' => NULL,
)
Request URL: /sites/car-wash/img/boutique/prestation2.JPG
Stack Trace:
#0 /var/www/sites/car-wash/app/webroot/index.php(108): Dispatcher->dispatch(Object(CakeRequest), Object(CakeResponse))
#1 {main}
2014-12-29 11:50:23 Error: [MissingViewException] View file "/var/www/sites/car-wash/app/View/Pages/services.ctp" is missing.
Exception Attributes: array (
  'file' => '/var/www/sites/car-wash/app/View/Pages/services.ctp',
)
Request URL: /sites/car-wash/pages/services
Stack Trace:
#0 /var/www/sites/car-wash/lib/Cake/View/View.php(463): View->_getViewFileName('services')
#1 /var/www/sites/car-wash/lib/Cake/Controller/Controller.php(954): View->render('services', NULL)
#2 /var/www/sites/car-wash/app/Controller/PagesController.php(92): Controller->render('services')
#3 [internal function]: PagesController->display('services')
#4 /var/www/sites/car-wash/lib/Cake/Controller/Controller.php(490): ReflectionMethod->invokeArgs(Object(PagesController), Array)
#5 /var/www/sites/car-wash/lib/Cake/Routing/Dispatcher.php(185): Controller->invokeAction(Object(CakeRequest))
#6 /var/www/sites/car-wash/lib/Cake/Routing/Dispatcher.php(160): Dispatcher->_invoke(Object(PagesController), Object(CakeRequest), Object(CakeResponse))
#7 /var/www/sites/car-wash/app/webroot/index.php(108): Dispatcher->dispatch(Object(CakeRequest), Object(CakeResponse))
#8 {main}
2014-12-29 15:18:24 Error: [MissingControllerException] Controller class ImgController could not be found.
Exception Attributes: array (
  'class' => 'ImgController',
  'plugin' => NULL,
)
Request URL: /sites/car-wash/img/installation/phare1.JPG
Stack Trace:
#0 /var/www/sites/car-wash/app/webroot/index.php(108): Dispatcher->dispatch(Object(CakeRequest), Object(CakeResponse))
#1 {main}
2014-12-29 15:18:24 Error: [MissingControllerException] Controller class ImgController could not be found.
Exception Attributes: array (
  'class' => 'ImgController',
  'plugin' => NULL,
)
Request URL: /sites/car-wash/img/installation/phare2.JPG
Stack Trace:
#0 /var/www/sites/car-wash/app/webroot/index.php(108): Dispatcher->dispatch(Object(CakeRequest), Object(CakeResponse))
#1 {main}
2014-12-29 15:50:45 Error: [MissingControllerException] Controller class InformationsController could not be found.
Exception Attributes: array (
  'class' => 'InformationsController',
  'plugin' => NULL,
)
Request URL: /sites/car-wash/informations
Stack Trace:
#0 /var/www/sites/car-wash/app/webroot/index.php(108): Dispatcher->dispatch(Object(CakeRequest), Object(CakeResponse))
#1 {main}
2014-12-29 15:51:00 Error: [MissingControllerException] Controller class ContactsController could not be found.
Exception Attributes: array (
  'class' => 'ContactsController',
  'plugin' => NULL,
)
Request URL: /sites/car-wash/contacts
Stack Trace:
#0 /var/www/sites/car-wash/app/webroot/index.php(108): Dispatcher->dispatch(Object(CakeRequest), Object(CakeResponse))
#1 {main}
2014-12-29 15:51:13 Error: [MissingControllerException] Controller class ContactController could not be found.
Exception Attributes: array (
  'class' => 'ContactController',
  'plugin' => NULL,
)
Request URL: /sites/car-wash/contact
Stack Trace:
#0 /var/www/sites/car-wash/app/webroot/index.php(108): Dispatcher->dispatch(Object(CakeRequest), Object(CakeResponse))
#1 {main}
2014-12-30 18:25:44 Error: [MissingViewException] View file "/htdocs/public/www/app/View/Pages/services.ctp" is missing.
Exception Attributes: array (
  'file' => '/htdocs/public/www/app/View/Pages/services.ctp',
)
Request URL: /pages/services
Stack Trace:
#0 /htdocs/public/www/lib/Cake/View/View.php(463): View->_getViewFileName('services')
#1 /htdocs/public/www/lib/Cake/Controller/Controller.php(954): View->render('services', NULL)
#2 /htdocs/public/www/app/Controller/PagesController.php(92): Controller->render('services')
#3 [internal function]: PagesController->display('services')
#4 /htdocs/public/www/lib/Cake/Controller/Controller.php(490): ReflectionMethod->invokeArgs(Object(PagesController), Array)
#5 /htdocs/public/www/lib/Cake/Routing/Dispatcher.php(185): Controller->invokeAction(Object(CakeRequest))
#6 /htdocs/public/www/lib/Cake/Routing/Dispatcher.php(160): Dispatcher->_invoke(Object(PagesController), Object(CakeRequest), Object(CakeResponse))
#7 /htdocs/public/www/app/webroot/index.php(108): Dispatcher->dispatch(Object(CakeRequest), Object(CakeResponse))
#8 {main}
2014-12-30 18:26:07 Error: [MissingViewException] View file "/htdocs/public/www/app/View/Pages/services.ctp" is missing.
Exception Attributes: array (
  'file' => '/htdocs/public/www/app/View/Pages/services.ctp',
)
Request URL: /pages/services
Stack Trace:
#0 /htdocs/public/www/lib/Cake/View/View.php(463): View->_getViewFileName('services')
#1 /htdocs/public/www/lib/Cake/Controller/Controller.php(954): View->render('services', NULL)
#2 /htdocs/public/www/app/Controller/PagesController.php(92): Controller->render('services')
#3 [internal function]: PagesController->display('services')
#4 /htdocs/public/www/lib/Cake/Controller/Controller.php(490): ReflectionMethod->invokeArgs(Object(PagesController), Array)
#5 /htdocs/public/www/lib/Cake/Routing/Dispatcher.php(185): Controller->invokeAction(Object(CakeRequest))
#6 /htdocs/public/www/lib/Cake/Routing/Dispatcher.php(160): Dispatcher->_invoke(Object(PagesController), Object(CakeRequest), Object(CakeResponse))
#7 /htdocs/public/www/app/webroot/index.php(108): Dispatcher->dispatch(Object(CakeRequest), Object(CakeResponse))
#8 {main}
2015-01-10 15:27:31 Error: [MissingControllerException] Controller class Apple-touch-icon-120x120-precomposed.pngController could not be found.
Exception Attributes: array (
  'class' => 'Apple-touch-icon-120x120-precomposed.pngController',
  'plugin' => NULL,
)
Request URL: /apple-touch-icon-120x120-precomposed.png
Stack Trace:
#0 /htdocs/public/www/app/webroot/index.php(108): Dispatcher->dispatch(Object(CakeRequest), Object(CakeResponse))
#1 {main}
2015-01-10 15:27:32 Error: [MissingControllerException] Controller class Apple-touch-icon-120x120.pngController could not be found.
Exception Attributes: array (
  'class' => 'Apple-touch-icon-120x120.pngController',
  'plugin' => NULL,
)
Request URL: /apple-touch-icon-120x120.png
Stack Trace:
#0 /htdocs/public/www/app/webroot/index.php(108): Dispatcher->dispatch(Object(CakeRequest), Object(CakeResponse))
#1 {main}
2015-01-10 15:27:32 Error: [MissingControllerException] Controller class Apple-touch-icon.pngController could not be found.
Exception Attributes: array (
  'class' => 'Apple-touch-icon.pngController',
  'plugin' => NULL,
)
Request URL: /apple-touch-icon.png
Stack Trace:
#0 /htdocs/public/www/app/webroot/index.php(108): Dispatcher->dispatch(Object(CakeRequest), Object(CakeResponse))
#1 {main}
2015-01-10 15:27:33 Error: [MissingControllerException] Controller class Apple-touch-icon.pngController could not be found.
Exception Attributes: array (
  'class' => 'Apple-touch-icon.pngController',
  'plugin' => NULL,
)
Request URL: /apple-touch-icon.png
Stack Trace:
#0 /htdocs/public/www/app/webroot/index.php(108): Dispatcher->dispatch(Object(CakeRequest), Object(CakeResponse))
#1 {main}
2015-01-11 17:43:37 Error: [MissingControllerException] Controller class Robots.txtController could not be found.
Exception Attributes: array (
  'class' => 'Robots.txtController',
  'plugin' => NULL,
)
Request URL: /robots.txt
Stack Trace:
#0 /htdocs/public/www/app/webroot/index.php(108): Dispatcher->dispatch(Object(CakeRequest), Object(CakeResponse))
#1 {main}
2015-01-12 08:08:37 Error: [MissingControllerException] Controller class Robots.txtController could not be found.
Exception Attributes: array (
  'class' => 'Robots.txtController',
  'plugin' => NULL,
)
Request URL: /robots.txt
Stack Trace:
#0 /htdocs/public/www/app/webroot/index.php(108): Dispatcher->dispatch(Object(CakeRequest), Object(CakeResponse))
#1 {main}
2015-01-12 16:46:24 Error: [MissingControllerException] Controller class Contact.htmController could not be found.
Exception Attributes: array (
  'class' => 'Contact.htmController',
  'plugin' => NULL,
)
Request URL: /contact.htm
Stack Trace:
#0 /htdocs/public/www/app/webroot/index.php(108): Dispatcher->dispatch(Object(CakeRequest), Object(CakeResponse))
#1 {main}
2015-01-12 16:46:24 Error: [MissingControllerException] Controller class Contact.htmlController could not be found.
Exception Attributes: array (
  'class' => 'Contact.htmlController',
  'plugin' => NULL,
)
Request URL: /contact.html
Stack Trace:
#0 /htdocs/public/www/app/webroot/index.php(108): Dispatcher->dispatch(Object(CakeRequest), Object(CakeResponse))
#1 {main}
2015-01-12 16:46:24 Error: [MissingControllerException] Controller class Contact.aspController could not be found.
Exception Attributes: array (
  'class' => 'Contact.aspController',
  'plugin' => NULL,
)
Request URL: /contact.asp
Stack Trace:
#0 /htdocs/public/www/app/webroot/index.php(108): Dispatcher->dispatch(Object(CakeRequest), Object(CakeResponse))
#1 {main}
2015-01-12 16:46:25 Error: [MissingControllerException] Controller class Main.jspController could not be found.
Exception Attributes: array (
  'class' => 'Main.jspController',
  'plugin' => NULL,
)
Request URL: /main.jsp
Stack Trace:
#0 /htdocs/public/www/app/webroot/index.php(108): Dispatcher->dispatch(Object(CakeRequest), Object(CakeResponse))
#1 {main}
2015-01-12 16:46:26 Error: [MissingControllerException] Controller class Main.htmController could not be found.
Exception Attributes: array (
  'class' => 'Main.htmController',
  'plugin' => NULL,
)
Request URL: /main.htm
Stack Trace:
#0 /htdocs/public/www/app/webroot/index.php(108): Dispatcher->dispatch(Object(CakeRequest), Object(CakeResponse))
#1 {main}
2015-01-12 16:46:26 Error: [MissingControllerException] Controller class Main.htmlController could not be found.
Exception Attributes: array (
  'class' => 'Main.htmlController',
  'plugin' => NULL,
)
Request URL: /main.html
Stack Trace:
#0 /htdocs/public/www/app/webroot/index.php(108): Dispatcher->dispatch(Object(CakeRequest), Object(CakeResponse))
#1 {main}
2015-01-12 16:46:26 Error: [MissingControllerException] Controller class Main.aspController could not be found.
Exception Attributes: array (
  'class' => 'Main.aspController',
  'plugin' => NULL,
)
Request URL: /main.asp
Stack Trace:
#0 /htdocs/public/www/app/webroot/index.php(108): Dispatcher->dispatch(Object(CakeRequest), Object(CakeResponse))
#1 {main}
2015-01-12 16:46:26 Error: [MissingControllerException] Controller class Main.phpController could not be found.
Exception Attributes: array (
  'class' => 'Main.phpController',
  'plugin' => NULL,
)
Request URL: /main.php
Stack Trace:
#0 /htdocs/public/www/app/webroot/index.php(108): Dispatcher->dispatch(Object(CakeRequest), Object(CakeResponse))
#1 {main}
2015-01-12 16:46:26 Error: [MissingControllerException] Controller class Contact.aspxController could not be found.
Exception Attributes: array (
  'class' => 'Contact.aspxController',
  'plugin' => NULL,
)
Request URL: /contact.aspx
Stack Trace:
#0 /htdocs/public/www/app/webroot/index.php(108): Dispatcher->dispatch(Object(CakeRequest), Object(CakeResponse))
#1 {main}
2015-01-12 16:46:27 Error: [MissingControllerException] Controller class Main.aspxController could not be found.
Exception Attributes: array (
  'class' => 'Main.aspxController',
  'plugin' => NULL,
)
Request URL: /main.aspx
Stack Trace:
#0 /htdocs/public/www/app/webroot/index.php(108): Dispatcher->dispatch(Object(CakeRequest), Object(CakeResponse))
#1 {main}
2015-01-12 16:46:28 Error: [MissingControllerException] Controller class Contact.phpController could not be found.
Exception Attributes: array (
  'class' => 'Contact.phpController',
  'plugin' => NULL,
)
Request URL: /contact.php
Stack Trace:
#0 /htdocs/public/www/app/webroot/index.php(108): Dispatcher->dispatch(Object(CakeRequest), Object(CakeResponse))
#1 {main}
2015-01-13 16:09:36 Error: [MissingControllerException] Controller class Robots.txtController could not be found.
Exception Attributes: array (
  'class' => 'Robots.txtController',
  'plugin' => NULL,
)
Request URL: /robots.txt
Stack Trace:
#0 /htdocs/public/www/app/webroot/index.php(108): Dispatcher->dispatch(Object(CakeRequest), Object(CakeResponse))
#1 {main}
2015-01-13 21:10:49 Error: [MissingControllerException] Controller class Robots.txtController could not be found.
Exception Attributes: array (
  'class' => 'Robots.txtController',
  'plugin' => NULL,
)
Request URL: /robots.txt
Stack Trace:
#0 /htdocs/public/www/app/webroot/index.php(108): Dispatcher->dispatch(Object(CakeRequest), Object(CakeResponse))
#1 {main}
2015-01-14 22:54:44 Error: [MissingControllerException] Controller class Robots.txtController could not be found.
Exception Attributes: array (
  'class' => 'Robots.txtController',
  'plugin' => NULL,
)
Request URL: /robots.txt
Stack Trace:
#0 /htdocs/public/www/app/webroot/index.php(108): Dispatcher->dispatch(Object(CakeRequest), Object(CakeResponse))
#1 {main}
2015-01-15 00:37:56 Error: [MissingControllerException] Controller class Robots.txtController could not be found.
Exception Attributes: array (
  'class' => 'Robots.txtController',
  'plugin' => NULL,
)
Request URL: /robots.txt
Stack Trace:
#0 /htdocs/public/www/app/webroot/index.php(108): Dispatcher->dispatch(Object(CakeRequest), Object(CakeResponse))
#1 {main}
2015-01-15 09:15:09 Error: [MissingControllerException] Controller class Robots.txtController could not be found.
Exception Attributes: array (
  'class' => 'Robots.txtController',
  'plugin' => NULL,
)
Request URL: /robots.txt
Stack Trace:
#0 /htdocs/public/www/app/webroot/index.php(108): Dispatcher->dispatch(Object(CakeRequest), Object(CakeResponse))
#1 {main}
2015-01-16 01:48:59 Error: [MissingControllerException] Controller class Robots.txtController could not be found.
Exception Attributes: array (
  'class' => 'Robots.txtController',
  'plugin' => NULL,
)
Request URL: /robots.txt
Stack Trace:
#0 /htdocs/public/www/app/webroot/index.php(108): Dispatcher->dispatch(Object(CakeRequest), Object(CakeResponse))
#1 {main}
2015-01-16 09:33:13 Error: [MissingControllerException] Controller class Robots.txtController could not be found.
Exception Attributes: array (
  'class' => 'Robots.txtController',
  'plugin' => NULL,
)
Request URL: /robots.txt
Stack Trace:
#0 /htdocs/public/www/app/webroot/index.php(108): Dispatcher->dispatch(Object(CakeRequest), Object(CakeResponse))
#1 {main}
2015-01-17 01:00:59 Error: [MissingControllerException] Controller class Robots.txtController could not be found.
Exception Attributes: array (
  'class' => 'Robots.txtController',
  'plugin' => NULL,
)
Request URL: /robots.txt
Stack Trace:
#0 /htdocs/public/www/app/webroot/index.php(108): Dispatcher->dispatch(Object(CakeRequest), Object(CakeResponse))
#1 {main}
2015-01-17 20:17:26 Error: [MissingControllerException] Controller class Robots.txtController could not be found.
Exception Attributes: array (
  'class' => 'Robots.txtController',
  'plugin' => NULL,
)
Request URL: /robots.txt
Stack Trace:
#0 /htdocs/public/www/app/webroot/index.php(108): Dispatcher->dispatch(Object(CakeRequest), Object(CakeResponse))
#1 {main}
2015-01-17 23:13:38 Error: [MissingControllerException] Controller class Robots.txtController could not be found.
Exception Attributes: array (
  'class' => 'Robots.txtController',
  'plugin' => NULL,
)
Request URL: /robots.txt
Stack Trace:
#0 /htdocs/public/www/app/webroot/index.php(108): Dispatcher->dispatch(Object(CakeRequest), Object(CakeResponse))
#1 {main}
2015-01-18 19:13:44 Error: [MissingControllerException] Controller class Robots.txtController could not be found.
Exception Attributes: array (
  'class' => 'Robots.txtController',
  'plugin' => NULL,
)
Request URL: /robots.txt
Stack Trace:
#0 /htdocs/public/www/app/webroot/index.php(108): Dispatcher->dispatch(Object(CakeRequest), Object(CakeResponse))
#1 {main}
2015-01-19 09:33:19 Error: [MissingControllerException] Controller class Robots.txtController could not be found.
Exception Attributes: array (
  'class' => 'Robots.txtController',
  'plugin' => NULL,
)
Request URL: /robots.txt
Stack Trace:
#0 /htdocs/public/www/app/webroot/index.php(108): Dispatcher->dispatch(Object(CakeRequest), Object(CakeResponse))
#1 {main}
2015-01-19 15:56:29 Error: [MissingControllerException] Controller class Robots.txtController could not be found.
Exception Attributes: array (
  'class' => 'Robots.txtController',
  'plugin' => NULL,
)
Request URL: /robots.txt
Stack Trace:
#0 /htdocs/public/www/app/webroot/index.php(108): Dispatcher->dispatch(Object(CakeRequest), Object(CakeResponse))
#1 {main}
2015-01-20 01:01:24 Error: [MissingControllerException] Controller class Robots.txtController could not be found.
Exception Attributes: array (
  'class' => 'Robots.txtController',
  'plugin' => NULL,
)
Request URL: /robots.txt
Stack Trace:
#0 /htdocs/public/www/app/webroot/index.php(108): Dispatcher->dispatch(Object(CakeRequest), Object(CakeResponse))
#1 {main}
2015-01-21 10:20:07 Error: [MissingControllerException] Controller class Robots.txtController could not be found.
Exception Attributes: array (
  'class' => 'Robots.txtController',
  'plugin' => NULL,
)
Request URL: /robots.txt
Stack Trace:
#0 /htdocs/public/www/app/webroot/index.php(108): Dispatcher->dispatch(Object(CakeRequest), Object(CakeResponse))
#1 {main}
2015-01-21 18:29:27 Error: [MissingControllerException] Controller class Robots.txtController could not be found.
Exception Attributes: array (
  'class' => 'Robots.txtController',
  'plugin' => NULL,
)
Request URL: /robots.txt
Stack Trace:
#0 /htdocs/public/www/app/webroot/index.php(108): Dispatcher->dispatch(Object(CakeRequest), Object(CakeResponse))
#1 {main}
2015-01-23 00:37:04 Error: [MissingControllerException] Controller class Robots.txtController could not be found.
Exception Attributes: array (
  'class' => 'Robots.txtController',
  'plugin' => NULL,
)
Request URL: /robots.txt
Stack Trace:
#0 /htdocs/public/www/app/webroot/index.php(108): Dispatcher->dispatch(Object(CakeRequest), Object(CakeResponse))
#1 {main}
2015-01-23 01:02:08 Error: [MissingControllerException] Controller class Robots.txtController could not be found.
Exception Attributes: array (
  'class' => 'Robots.txtController',
  'plugin' => NULL,
)
Request URL: /robots.txt
Stack Trace:
#0 /htdocs/public/www/app/webroot/index.php(108): Dispatcher->dispatch(Object(CakeRequest), Object(CakeResponse))
#1 {main}
2015-01-25 03:43:06 Error: [MissingControllerException] Controller class Robots.txtController could not be found.
Exception Attributes: array (
  'class' => 'Robots.txtController',
  'plugin' => NULL,
)
Request URL: /robots.txt
Stack Trace:
#0 /htdocs/public/www/app/webroot/index.php(108): Dispatcher->dispatch(Object(CakeRequest), Object(CakeResponse))
#1 {main}
2015-01-25 19:39:08 Error: [MissingControllerException] Controller class Robots.txtController could not be found.
Exception Attributes: array (
  'class' => 'Robots.txtController',
  'plugin' => NULL,
)
Request URL: /robots.txt
Stack Trace:
#0 /htdocs/public/www/app/webroot/index.php(108): Dispatcher->dispatch(Object(CakeRequest), Object(CakeResponse))
#1 {main}
2015-01-26 01:03:00 Error: [MissingControllerException] Controller class Robots.txtController could not be found.
Exception Attributes: array (
  'class' => 'Robots.txtController',
  'plugin' => NULL,
)
Request URL: /robots.txt
Stack Trace:
#0 /htdocs/public/www/app/webroot/index.php(108): Dispatcher->dispatch(Object(CakeRequest), Object(CakeResponse))
#1 {main}
2015-01-27 18:24:45 Error: [MissingControllerException] Controller class Robots.txtController could not be found.
Exception Attributes: array (
  'class' => 'Robots.txtController',
  'plugin' => NULL,
)
Request URL: /robots.txt
Stack Trace:
#0 /htdocs/public/www/app/webroot/index.php(108): Dispatcher->dispatch(Object(CakeRequest), Object(CakeResponse))
#1 {main}
2015-01-28 00:00:34 Error: [MissingControllerException] Controller class Robots.txtController could not be found.
Exception Attributes: array (
  'class' => 'Robots.txtController',
  'plugin' => NULL,
)
Request URL: /robots.txt
Stack Trace:
#0 /htdocs/public/www/app/webroot/index.php(108): Dispatcher->dispatch(Object(CakeRequest), Object(CakeResponse))
#1 {main}
2015-01-28 09:53:09 Error: [MissingControllerException] Controller class Robots.txtController could not be found.
Exception Attributes: array (
  'class' => 'Robots.txtController',
  'plugin' => NULL,
)
Request URL: /robots.txt
Stack Trace:
#0 /htdocs/public/www/app/webroot/index.php(108): Dispatcher->dispatch(Object(CakeRequest), Object(CakeResponse))
#1 {main}
2015-01-29 23:02:29 Error: [MissingControllerException] Controller class Robots.txtController could not be found.
Exception Attributes: array (
  'class' => 'Robots.txtController',
  'plugin' => NULL,
)
Request URL: /robots.txt
Stack Trace:
#0 /htdocs/public/www/app/webroot/index.php(108): Dispatcher->dispatch(Object(CakeRequest), Object(CakeResponse))
#1 {main}
2015-01-31 05:57:46 Error: [MissingControllerException] Controller class Robots.txtController could not be found.
Exception Attributes: array (
  'class' => 'Robots.txtController',
  'plugin' => NULL,
)
Request URL: /robots.txt
Stack Trace:
#0 /htdocs/public/www/app/webroot/index.php(108): Dispatcher->dispatch(Object(CakeRequest), Object(CakeResponse))
#1 {main}
2015-02-03 06:37:19 Error: [MissingControllerException] Controller class Robots.txtController could not be found.
Exception Attributes: array (
  'class' => 'Robots.txtController',
  'plugin' => NULL,
)
Request URL: /robots.txt
Stack Trace:
#0 /htdocs/public/www/app/webroot/index.php(108): Dispatcher->dispatch(Object(CakeRequest), Object(CakeResponse))
#1 {main}
2015-02-07 04:57:50 Error: [MissingControllerException] Controller class Robots.txtController could not be found.
Exception Attributes: array (
  'class' => 'Robots.txtController',
  'plugin' => NULL,
)
Request URL: /robots.txt
Stack Trace:
#0 /htdocs/public/www/app/webroot/index.php(108): Dispatcher->dispatch(Object(CakeRequest), Object(CakeResponse))
#1 {main}
2015-02-08 03:25:19 Error: [MissingControllerException] Controller class Robots.txtController could not be found.
Exception Attributes: array (
  'class' => 'Robots.txtController',
  'plugin' => NULL,
)
Request URL: /robots.txt
Stack Trace:
#0 /htdocs/public/www/app/webroot/index.php(108): Dispatcher->dispatch(Object(CakeRequest), Object(CakeResponse))
#1 {main}
2015-02-08 22:40:42 Error: [MissingControllerException] Controller class Robots.txtController could not be found.
Exception Attributes: array (
  'class' => 'Robots.txtController',
  'plugin' => NULL,
)
Request URL: /robots.txt
Stack Trace:
#0 /htdocs/public/www/app/webroot/index.php(108): Dispatcher->dispatch(Object(CakeRequest), Object(CakeResponse))
#1 {main}
2015-02-09 23:09:11 Error: [MissingControllerException] Controller class Robots.txtController could not be found.
Exception Attributes: array (
  'class' => 'Robots.txtController',
  'plugin' => NULL,
)
Request URL: /robots.txt
Stack Trace:
#0 /htdocs/public/www/app/webroot/index.php(108): Dispatcher->dispatch(Object(CakeRequest), Object(CakeResponse))
#1 {main}
2015-02-10 12:39:04 Error: [MissingControllerException] Controller class Robots.txtController could not be found.
Exception Attributes: array (
  'class' => 'Robots.txtController',
  'plugin' => NULL,
)
Request URL: /robots.txt
Stack Trace:
#0 /htdocs/public/www/app/webroot/index.php(108): Dispatcher->dispatch(Object(CakeRequest), Object(CakeResponse))
#1 {main}
2015-02-15 00:11:41 Error: [MissingControllerException] Controller class Apple-touch-icon-120x120-precomposed.pngController could not be found.
Exception Attributes: array (
  'class' => 'Apple-touch-icon-120x120-precomposed.pngController',
  'plugin' => NULL,
)
Request URL: /apple-touch-icon-120x120-precomposed.png
Stack Trace:
#0 /htdocs/public/www/app/webroot/index.php(108): Dispatcher->dispatch(Object(CakeRequest), Object(CakeResponse))
#1 {main}
2015-02-15 00:11:41 Error: [MissingControllerException] Controller class Apple-touch-icon-120x120.pngController could not be found.
Exception Attributes: array (
  'class' => 'Apple-touch-icon-120x120.pngController',
  'plugin' => NULL,
)
Request URL: /apple-touch-icon-120x120.png
Stack Trace:
#0 /htdocs/public/www/app/webroot/index.php(108): Dispatcher->dispatch(Object(CakeRequest), Object(CakeResponse))
#1 {main}
2015-02-15 00:11:42 Error: [MissingControllerException] Controller class Apple-touch-icon.pngController could not be found.
Exception Attributes: array (
  'class' => 'Apple-touch-icon.pngController',
  'plugin' => NULL,
)
Request URL: /apple-touch-icon.png
Stack Trace:
#0 /htdocs/public/www/app/webroot/index.php(108): Dispatcher->dispatch(Object(CakeRequest), Object(CakeResponse))
#1 {main}
2015-02-15 00:11:42 Error: [MissingControllerException] Controller class Apple-touch-icon.pngController could not be found.
Exception Attributes: array (
  'class' => 'Apple-touch-icon.pngController',
  'plugin' => NULL,
)
Request URL: /apple-touch-icon.png
Stack Trace:
#0 /htdocs/public/www/app/webroot/index.php(108): Dispatcher->dispatch(Object(CakeRequest), Object(CakeResponse))
#1 {main}
2015-02-18 15:46:40 Error: [MissingControllerException] Controller class Robots.txtController could not be found.
Exception Attributes: array (
  'class' => 'Robots.txtController',
  'plugin' => NULL,
)
Request URL: /robots.txt
Stack Trace:
#0 /htdocs/public/www/app/webroot/index.php(108): Dispatcher->dispatch(Object(CakeRequest), Object(CakeResponse))
#1 {main}
2015-02-19 07:13:14 Error: [MissingControllerException] Controller class Robots.txtController could not be found.
Exception Attributes: array (
  'class' => 'Robots.txtController',
  'plugin' => NULL,
)
Request URL: /robots.txt
Stack Trace:
#0 /htdocs/public/www/app/webroot/index.php(108): Dispatcher->dispatch(Object(CakeRequest), Object(CakeResponse))
#1 {main}
2015-02-19 08:43:47 Error: [MissingControllerException] Controller class Robots.txtController could not be found.
Exception Attributes: array (
  'class' => 'Robots.txtController',
  'plugin' => NULL,
)
Request URL: /robots.txt
Stack Trace:
#0 /htdocs/public/www/app/webroot/index.php(108): Dispatcher->dispatch(Object(CakeRequest), Object(CakeResponse))
#1 {main}
2015-02-20 19:25:19 Error: [MissingControllerException] Controller class Robots.txtController could not be found.
Exception Attributes: array (
  'class' => 'Robots.txtController',
  'plugin' => NULL,
)
Request URL: /robots.txt
Stack Trace:
#0 /htdocs/public/www/app/webroot/index.php(108): Dispatcher->dispatch(Object(CakeRequest), Object(CakeResponse))
#1 {main}
2015-02-21 17:22:30 Error: [MissingControllerException] Controller class Robots.txtController could not be found.
Exception Attributes: array (
  'class' => 'Robots.txtController',
  'plugin' => NULL,
)
Request URL: /robots.txt
Stack Trace:
#0 /htdocs/public/www/app/webroot/index.php(108): Dispatcher->dispatch(Object(CakeRequest), Object(CakeResponse))
#1 {main}
2015-02-21 23:31:06 Error: [MissingControllerException] Controller class Robots.txtController could not be found.
Exception Attributes: array (
  'class' => 'Robots.txtController',
  'plugin' => NULL,
)
Request URL: /robots.txt
Stack Trace:
#0 /htdocs/public/www/app/webroot/index.php(108): Dispatcher->dispatch(Object(CakeRequest), Object(CakeResponse))
#1 {main}
2015-02-23 03:48:40 Error: [MissingControllerException] Controller class Robots.txtController could not be found.
Exception Attributes: array (
  'class' => 'Robots.txtController',
  'plugin' => NULL,
)
Request URL: /robots.txt
Stack Trace:
#0 /htdocs/public/www/app/webroot/index.php(108): Dispatcher->dispatch(Object(CakeRequest), Object(CakeResponse))
#1 {main}
2015-02-23 09:39:13 Error: [MissingControllerException] Controller class Robots.txtController could not be found.
Exception Attributes: array (
  'class' => 'Robots.txtController',
  'plugin' => NULL,
)
Request URL: /robots.txt
Stack Trace:
#0 /htdocs/public/www/app/webroot/index.php(108): Dispatcher->dispatch(Object(CakeRequest), Object(CakeResponse))
#1 {main}
2015-02-23 17:19:08 Error: [MissingControllerException] Controller class Robots.txtController could not be found.
Exception Attributes: array (
  'class' => 'Robots.txtController',
  'plugin' => NULL,
)
Request URL: /robots.txt
Stack Trace:
#0 /htdocs/public/www/app/webroot/index.php(108): Dispatcher->dispatch(Object(CakeRequest), Object(CakeResponse))
#1 {main}
2015-02-26 05:31:41 Error: [MissingControllerException] Controller class Robots.txtController could not be found.
Exception Attributes: array (
  'class' => 'Robots.txtController',
  'plugin' => NULL,
)
Request URL: /robots.txt
Stack Trace:
#0 /htdocs/public/www/app/webroot/index.php(108): Dispatcher->dispatch(Object(CakeRequest), Object(CakeResponse))
#1 {main}
2015-02-26 06:37:01 Error: [MissingControllerException] Controller class Robots.txtController could not be found.
Exception Attributes: array (
  'class' => 'Robots.txtController',
  'plugin' => NULL,
)
Request URL: /robots.txt
Stack Trace:
#0 /htdocs/public/www/app/webroot/index.php(108): Dispatcher->dispatch(Object(CakeRequest), Object(CakeResponse))
#1 {main}
2015-02-26 06:37:02 Error: [MissingControllerException] Controller class Robots.txtController could not be found.
Exception Attributes: array (
  'class' => 'Robots.txtController',
  'plugin' => NULL,
)
Request URL: /robots.txt
Stack Trace:
#0 /htdocs/public/www/app/webroot/index.php(108): Dispatcher->dispatch(Object(CakeRequest), Object(CakeResponse))
#1 {main}
2015-02-28 05:09:43 Error: [MissingControllerException] Controller class Robots.txtController could not be found.
Exception Attributes: array (
  'class' => 'Robots.txtController',
  'plugin' => NULL,
)
Request URL: /robots.txt
Stack Trace:
#0 /htdocs/public/www/app/webroot/index.php(108): Dispatcher->dispatch(Object(CakeRequest), Object(CakeResponse))
#1 {main}
2015-02-28 17:18:12 Error: [MissingControllerException] Controller class Robots.txtController could not be found.
Exception Attributes: array (
  'class' => 'Robots.txtController',
  'plugin' => NULL,
)
Request URL: /robots.txt
Stack Trace:
#0 /htdocs/public/www/app/webroot/index.php(108): Dispatcher->dispatch(Object(CakeRequest), Object(CakeResponse))
#1 {main}
2015-02-28 22:53:26 Error: [MissingControllerException] Controller class Robots.txtController could not be found.
Exception Attributes: array (
  'class' => 'Robots.txtController',
  'plugin' => NULL,
)
Request URL: /robots.txt
Stack Trace:
#0 /htdocs/public/www/app/webroot/index.php(108): Dispatcher->dispatch(Object(CakeRequest), Object(CakeResponse))
#1 {main}
2015-03-05 08:20:27 Error: [MissingControllerException] Controller class Robots.txtController could not be found.
Exception Attributes: array (
  'class' => 'Robots.txtController',
  'plugin' => NULL,
)
Request URL: /robots.txt
Stack Trace:
#0 /htdocs/public/www/app/webroot/index.php(108): Dispatcher->dispatch(Object(CakeRequest), Object(CakeResponse))
#1 {main}
2015-03-05 16:05:19 Error: [MissingControllerException] Controller class Robots.txtController could not be found.
Exception Attributes: array (
  'class' => 'Robots.txtController',
  'plugin' => NULL,
)
Request URL: /robots.txt
Stack Trace:
#0 /htdocs/public/www/app/webroot/index.php(108): Dispatcher->dispatch(Object(CakeRequest), Object(CakeResponse))
#1 {main}
2015-03-06 03:12:01 Error: [MissingControllerException] Controller class Robots.txtController could not be found.
Exception Attributes: array (
  'class' => 'Robots.txtController',
  'plugin' => NULL,
)
Request URL: /robots.txt
Stack Trace:
#0 /htdocs/public/www/app/webroot/index.php(108): Dispatcher->dispatch(Object(CakeRequest), Object(CakeResponse))
#1 {main}
2015-03-06 03:12:03 Error: [MissingControllerException] Controller class Robots.txtController could not be found.
Exception Attributes: array (
  'class' => 'Robots.txtController',
  'plugin' => NULL,
)
Request URL: /robots.txt
Stack Trace:
#0 /htdocs/public/www/app/webroot/index.php(108): Dispatcher->dispatch(Object(CakeRequest), Object(CakeResponse))
#1 {main}
2015-03-06 03:54:43 Error: [MissingControllerException] Controller class Robots.txtController could not be found.
Exception Attributes: array (
  'class' => 'Robots.txtController',
  'plugin' => NULL,
)
Request URL: /robots.txt
Stack Trace:
#0 /htdocs/public/www/app/webroot/index.php(108): Dispatcher->dispatch(Object(CakeRequest), Object(CakeResponse))
#1 {main}
2015-03-06 17:48:05 Error: [MissingControllerException] Controller class Robots.txtController could not be found.
Exception Attributes: array (
  'class' => 'Robots.txtController',
  'plugin' => NULL,
)
Request URL: /robots.txt
Stack Trace:
#0 /htdocs/public/www/app/webroot/index.php(108): Dispatcher->dispatch(Object(CakeRequest), Object(CakeResponse))
#1 {main}
2015-03-07 17:50:14 Error: [MissingControllerException] Controller class Robots.txtController could not be found.
Exception Attributes: array (
  'class' => 'Robots.txtController',
  'plugin' => NULL,
)
Request URL: /robots.txt
Stack Trace:
#0 /htdocs/public/www/app/webroot/index.php(108): Dispatcher->dispatch(Object(CakeRequest), Object(CakeResponse))
#1 {main}
2015-03-08 10:29:26 Error: [MissingControllerException] Controller class Robots.txtController could not be found.
Exception Attributes: array (
  'class' => 'Robots.txtController',
  'plugin' => NULL,
)
Request URL: /robots.txt
Stack Trace:
#0 /htdocs/public/www/app/webroot/index.php(108): Dispatcher->dispatch(Object(CakeRequest), Object(CakeResponse))
#1 {main}
2015-03-09 20:06:17 Error: [MissingControllerException] Controller class Robots.txtController could not be found.
Exception Attributes: array (
  'class' => 'Robots.txtController',
  'plugin' => NULL,
)
Request URL: /robots.txt
Stack Trace:
#0 /htdocs/public/www/app/webroot/index.php(108): Dispatcher->dispatch(Object(CakeRequest), Object(CakeResponse))
#1 {main}
2015-03-10 00:02:55 Error: [MissingControllerException] Controller class Robots.txtController could not be found.
Exception Attributes: array (
  'class' => 'Robots.txtController',
  'plugin' => NULL,
)
Request URL: /robots.txt
Stack Trace:
#0 /htdocs/public/www/app/webroot/index.php(108): Dispatcher->dispatch(Object(CakeRequest), Object(CakeResponse))
#1 {main}
2015-03-10 15:12:54 Error: [MissingControllerException] Controller class Robots.txtController could not be found.
Exception Attributes: array (
  'class' => 'Robots.txtController',
  'plugin' => NULL,
)
Request URL: /robots.txt
Stack Trace:
#0 /htdocs/public/www/app/webroot/index.php(108): Dispatcher->dispatch(Object(CakeRequest), Object(CakeResponse))
#1 {main}
2015-03-11 06:21:12 Error: [MissingControllerException] Controller class Robots.txtController could not be found.
Exception Attributes: array (
  'class' => 'Robots.txtController',
  'plugin' => NULL,
)
Request URL: /robots.txt
Stack Trace:
#0 /htdocs/public/www/app/webroot/index.php(108): Dispatcher->dispatch(Object(CakeRequest), Object(CakeResponse))
#1 {main}
2015-03-14 21:16:57 Error: [MissingControllerException] Controller class Robots.txtController could not be found.
Exception Attributes: array (
  'class' => 'Robots.txtController',
  'plugin' => NULL,
)
Request URL: /robots.txt
Stack Trace:
#0 /htdocs/public/www/app/webroot/index.php(108): Dispatcher->dispatch(Object(CakeRequest), Object(CakeResponse))
#1 {main}
2015-03-15 13:21:55 Error: [MissingControllerException] Controller class Robots.txtController could not be found.
Exception Attributes: array (
  'class' => 'Robots.txtController',
  'plugin' => NULL,
)
Request URL: /robots.txt
Stack Trace:
#0 /htdocs/public/www/app/webroot/index.php(108): Dispatcher->dispatch(Object(CakeRequest), Object(CakeResponse))
#1 {main}
2015-03-15 19:08:11 Error: [MissingControllerException] Controller class Robots.txtController could not be found.
Exception Attributes: array (
  'class' => 'Robots.txtController',
  'plugin' => NULL,
)
Request URL: /robots.txt
Stack Trace:
#0 /htdocs/public/www/app/webroot/index.php(108): Dispatcher->dispatch(Object(CakeRequest), Object(CakeResponse))
#1 {main}
2015-03-18 03:41:49 Error: [MissingControllerException] Controller class Robots.txtController could not be found.
Exception Attributes: array (
  'class' => 'Robots.txtController',
  'plugin' => NULL,
)
Request URL: /robots.txt
Stack Trace:
#0 /htdocs/public/www/app/webroot/index.php(108): Dispatcher->dispatch(Object(CakeRequest), Object(CakeResponse))
#1 {main}
2015-03-19 00:48:20 Error: [MissingControllerException] Controller class Robots.txtController could not be found.
Exception Attributes: array (
  'class' => 'Robots.txtController',
  'plugin' => NULL,
)
Request URL: /robots.txt
Stack Trace:
#0 /htdocs/public/www/app/webroot/index.php(108): Dispatcher->dispatch(Object(CakeRequest), Object(CakeResponse))
#1 {main}
2015-03-21 04:54:54 Error: [MissingControllerException] Controller class Robots.txtController could not be found.
Exception Attributes: array (
  'class' => 'Robots.txtController',
  'plugin' => NULL,
)
Request URL: /robots.txt
Stack Trace:
#0 /htdocs/public/www/app/webroot/index.php(108): Dispatcher->dispatch(Object(CakeRequest), Object(CakeResponse))
#1 {main}
2015-03-21 16:57:41 Error: [MissingControllerException] Controller class Robots.txtController could not be found.
Exception Attributes: array (
  'class' => 'Robots.txtController',
  'plugin' => NULL,
)
Request URL: /robots.txt
Stack Trace:
#0 /htdocs/public/www/app/webroot/index.php(108): Dispatcher->dispatch(Object(CakeRequest), Object(CakeResponse))
#1 {main}
2015-03-22 09:50:14 Error: [MissingControllerException] Controller class Robots.txtController could not be found.
Exception Attributes: array (
  'class' => 'Robots.txtController',
  'plugin' => NULL,
)
Request URL: /robots.txt
Stack Trace:
#0 /htdocs/public/www/app/webroot/index.php(108): Dispatcher->dispatch(Object(CakeRequest), Object(CakeResponse))
#1 {main}
2015-03-23 20:49:45 Error: [MissingControllerException] Controller class Robots.txtController could not be found.
Exception Attributes: array (
  'class' => 'Robots.txtController',
  'plugin' => NULL,
)
Request URL: /robots.txt
Stack Trace:
#0 /htdocs/public/www/app/webroot/index.php(108): Dispatcher->dispatch(Object(CakeRequest), Object(CakeResponse))
#1 {main}
2015-03-24 07:01:07 Error: [MissingControllerException] Controller class Robots.txtController could not be found.
Exception Attributes: array (
  'class' => 'Robots.txtController',
  'plugin' => NULL,
)
Request URL: /robots.txt
Stack Trace:
#0 /htdocs/public/www/app/webroot/index.php(108): Dispatcher->dispatch(Object(CakeRequest), Object(CakeResponse))
#1 {main}
2015-03-26 02:15:00 Error: [MissingControllerException] Controller class Robots.txtController could not be found.
Exception Attributes: array (
  'class' => 'Robots.txtController',
  'plugin' => NULL,
)
Request URL: /robots.txt
Stack Trace:
#0 /htdocs/public/www/app/webroot/index.php(108): Dispatcher->dispatch(Object(CakeRequest), Object(CakeResponse))
#1 {main}
2015-03-26 09:06:46 Error: [MissingControllerException] Controller class Robots.txtController could not be found.
Exception Attributes: array (
  'class' => 'Robots.txtController',
  'plugin' => NULL,
)
Request URL: /robots.txt
Stack Trace:
#0 /htdocs/public/www/app/webroot/index.php(108): Dispatcher->dispatch(Object(CakeRequest), Object(CakeResponse))
#1 {main}
2015-03-26 18:25:42 Error: [MissingControllerException] Controller class Robots.txtController could not be found.
Exception Attributes: array (
  'class' => 'Robots.txtController',
  'plugin' => NULL,
)
Request URL: /robots.txt
Stack Trace:
#0 /htdocs/public/www/app/webroot/index.php(108): Dispatcher->dispatch(Object(CakeRequest), Object(CakeResponse))
#1 {main}
2015-03-27 10:52:41 Error: [MissingControllerException] Controller class Robots.txtController could not be found.
Exception Attributes: array (
  'class' => 'Robots.txtController',
  'plugin' => NULL,
)
Request URL: /robots.txt
Stack Trace:
#0 /htdocs/public/www/app/webroot/index.php(108): Dispatcher->dispatch(Object(CakeRequest), Object(CakeResponse))
#1 {main}
2015-03-28 12:06:03 Error: [MissingControllerException] Controller class Robots.txtController could not be found.
Exception Attributes: array (
  'class' => 'Robots.txtController',
  'plugin' => NULL,
)
Request URL: /robots.txt
Stack Trace:
#0 /htdocs/public/www/app/webroot/index.php(108): Dispatcher->dispatch(Object(CakeRequest), Object(CakeResponse))
#1 {main}
2015-03-29 17:26:45 Error: [MissingControllerException] Controller class Robots.txtController could not be found.
Exception Attributes: array (
  'class' => 'Robots.txtController',
  'plugin' => NULL,
)
Request URL: /robots.txt
Stack Trace:
#0 /htdocs/public/www/app/webroot/index.php(108): Dispatcher->dispatch(Object(CakeRequest), Object(CakeResponse))
#1 {main}
2015-03-30 14:35:22 Error: [MissingControllerException] Controller class Robots.txtController could not be found.
Exception Attributes: array (
  'class' => 'Robots.txtController',
  'plugin' => NULL,
)
Request URL: /robots.txt
Stack Trace:
#0 /htdocs/public/www/app/webroot/index.php(108): Dispatcher->dispatch(Object(CakeRequest), Object(CakeResponse))
#1 {main}
2015-03-31 12:05:56 Error: [MissingControllerException] Controller class Robots.txtController could not be found.
Exception Attributes: array (
  'class' => 'Robots.txtController',
  'plugin' => NULL,
)
Request URL: /robots.txt
Stack Trace:
#0 /htdocs/public/www/app/webroot/index.php(108): Dispatcher->dispatch(Object(CakeRequest), Object(CakeResponse))
#1 {main}
2015-04-01 03:52:50 Error: [MissingControllerException] Controller class Robots.txtController could not be found.
Exception Attributes: array (
  'class' => 'Robots.txtController',
  'plugin' => NULL,
)
Request URL: /robots.txt
Stack Trace:
#0 /htdocs/public/www/app/webroot/index.php(108): Dispatcher->dispatch(Object(CakeRequest), Object(CakeResponse))
#1 {main}
2015-04-02 05:21:34 Error: [MissingControllerException] Controller class Robots.txtController could not be found.
Exception Attributes: array (
  'class' => 'Robots.txtController',
  'plugin' => NULL,
)
Request URL: /robots.txt
Stack Trace:
#0 /htdocs/public/www/app/webroot/index.php(108): Dispatcher->dispatch(Object(CakeRequest), Object(CakeResponse))
#1 {main}
2015-04-02 05:21:35 Error: [MissingControllerException] Controller class Robots.txtController could not be found.
Exception Attributes: array (
  'class' => 'Robots.txtController',
  'plugin' => NULL,
)
Request URL: /robots.txt
Stack Trace:
#0 /htdocs/public/www/app/webroot/index.php(108): Dispatcher->dispatch(Object(CakeRequest), Object(CakeResponse))
#1 {main}
2015-04-02 05:21:35 Error: [MissingControllerException] Controller class Robots.txtController could not be found.
Exception Attributes: array (
  'class' => 'Robots.txtController',
  'plugin' => NULL,
)
Request URL: /robots.txt
Stack Trace:
#0 /htdocs/public/www/app/webroot/index.php(108): Dispatcher->dispatch(Object(CakeRequest), Object(CakeResponse))
#1 {main}
2015-04-02 05:21:36 Error: [MissingControllerException] Controller class Robots.txtController could not be found.
Exception Attributes: array (
  'class' => 'Robots.txtController',
  'plugin' => NULL,
)
Request URL: /robots.txt
Stack Trace:
#0 /htdocs/public/www/app/webroot/index.php(108): Dispatcher->dispatch(Object(CakeRequest), Object(CakeResponse))
#1 {main}
2015-04-02 05:21:37 Error: [MissingControllerException] Controller class Robots.txtController could not be found.
Exception Attributes: array (
  'class' => 'Robots.txtController',
  'plugin' => NULL,
)
Request URL: /robots.txt
Stack Trace:
#0 /htdocs/public/www/app/webroot/index.php(108): Dispatcher->dispatch(Object(CakeRequest), Object(CakeResponse))
#1 {main}
2015-04-02 05:21:38 Error: [MissingControllerException] Controller class Robots.txtController could not be found.
Exception Attributes: array (
  'class' => 'Robots.txtController',
  'plugin' => NULL,
)
Request URL: /robots.txt
Stack Trace:
#0 /htdocs/public/www/app/webroot/index.php(108): Dispatcher->dispatch(Object(CakeRequest), Object(CakeResponse))
#1 {main}
2015-04-02 05:21:39 Error: [MissingControllerException] Controller class Robots.txtController could not be found.
Exception Attributes: array (
  'class' => 'Robots.txtController',
  'plugin' => NULL,
)
Request URL: /robots.txt
Stack Trace:
#0 /htdocs/public/www/app/webroot/index.php(108): Dispatcher->dispatch(Object(CakeRequest), Object(CakeResponse))
#1 {main}
2015-04-03 09:26:21 Error: [MissingControllerException] Controller class Robots.txtController could not be found.
Exception Attributes: array (
  'class' => 'Robots.txtController',
  'plugin' => NULL,
)
Request URL: /robots.txt
Stack Trace:
#0 /htdocs/public/www/app/webroot/index.php(108): Dispatcher->dispatch(Object(CakeRequest), Object(CakeResponse))
#1 {main}
2015-04-03 21:42:34 Error: [MissingControllerException] Controller class Robots.txtController could not be found.
Exception Attributes: array (
  'class' => 'Robots.txtController',
  'plugin' => NULL,
)
Request URL: /robots.txt
Stack Trace:
#0 /htdocs/public/www/app/webroot/index.php(108): Dispatcher->dispatch(Object(CakeRequest), Object(CakeResponse))
#1 {main}
2015-04-04 12:13:59 Error: [MissingControllerException] Controller class Robots.txtController could not be found.
Exception Attributes: array (
  'class' => 'Robots.txtController',
  'plugin' => NULL,
)
Request URL: /robots.txt
Stack Trace:
#0 /htdocs/public/www/app/webroot/index.php(108): Dispatcher->dispatch(Object(CakeRequest), Object(CakeResponse))
#1 {main}
